Multi-objective Optimisation with mobo(ucb-ts) using capital 42000.0 (realtime)
Epoch 1/12
 - 220s - loss: 7.5687 - accuracy: 0.2607 - val_loss: 7.1598 - val_accuracy: 0.2993
Epoch 2/12
 - 209s - loss: 6.9336 - accuracy: 0.3574 - val_loss: 6.8689 - val_accuracy: 0.2967
Epoch 3/12
 - 209s - loss: 6.4486 - accuracy: 0.4085 - val_loss: 6.1488 - val_accuracy: 0.4356
Epoch 4/12
 - 209s - loss: 5.9999 - accuracy: 0.4615 - val_loss: 5.6651 - val_accuracy: 0.4838
Epoch 5/12
 - 209s - loss: 5.5757 - accuracy: 0.5019 - val_loss: 8.7085 - val_accuracy: 0.1282
Epoch 6/12
 - 209s - loss: 5.3423 - accuracy: 0.4850 - val_loss: 5.2414 - val_accuracy: 0.4570
Epoch 7/12
 - 209s - loss: 5.1942 - accuracy: 0.4500 - val_loss: 5.3651 - val_accuracy: 0.3661
Epoch 8/12
 - 209s - loss: 4.8959 - accuracy: 0.4857 - val_loss: 10.0950 - val_accuracy: 0.2996
Epoch 9/12
 - 209s - loss: 4.5540 - accuracy: 0.5234 - val_loss: 4.4538 - val_accuracy: 0.4823
Epoch 10/12
 - 209s - loss: 4.2758 - accuracy: 0.5492 - val_loss: 4.2264 - val_accuracy: 0.5022
Epoch 11/12
 - 209s - loss: 3.8750 - accuracy: 0.5938 - val_loss: 94.9521 - val_accuracy: 0.1003
Epoch 12/12
 - 209s - loss: 3.9957 - accuracy: 0.5182 - val_loss: 4.3252 - val_accuracy: 0.4020
Capital spent on initialisation: 2523.5873(0.0601).
Legend: <iteration_number> (<num_successful_queries>, <fraction_of_capital_spent>):: #Pareto=<num_pareto_optimal_points_found>, acqs=<num_times_each_acquisition_was_used>
Epoch 1/28
 - 24s - loss: 3.4922 - accuracy: 0.3033 - val_loss: 3.7379 - val_accuracy: 0.1749
Epoch 2/28
 - 19s - loss: 2.9310 - accuracy: 0.3674 - val_loss: 2.7871 - val_accuracy: 0.3665
Epoch 3/28
 - 19s - loss: 2.5430 - accuracy: 0.4139 - val_loss: 2.3843 - val_accuracy: 0.4149
Epoch 4/28
 - 19s - loss: 2.1232 - accuracy: 0.4832 - val_loss: 2.1718 - val_accuracy: 0.4667
Epoch 5/28
 - 19s - loss: 1.8309 - accuracy: 0.5315 - val_loss: 1.6002 - val_accuracy: 0.5934
Epoch 6/28
 - 19s - loss: 1.6281 - accuracy: 0.5713 - val_loss: 1.5334 - val_accuracy: 0.5958
Epoch 7/28
 - 19s - loss: 1.4843 - accuracy: 0.6090 - val_loss: 1.3798 - val_accuracy: 0.6394
Epoch 8/28
 - 20s - loss: 1.3702 - accuracy: 0.6406 - val_loss: 1.2493 - val_accuracy: 0.6796
Epoch 9/28
 - 19s - loss: 1.2965 - accuracy: 0.6599 - val_loss: 1.2192 - val_accuracy: 0.6852
Epoch 10/28
 - 19s - loss: 1.2426 - accuracy: 0.6776 - val_loss: 1.2444 - val_accuracy: 0.6742
Epoch 11/28
 - 19s - loss: 1.2144 - accuracy: 0.6894 - val_loss: 1.1285 - val_accuracy: 0.7127
Epoch 12/28
 - 19s - loss: 1.1850 - accuracy: 0.6985 - val_loss: 1.1648 - val_accuracy: 0.7045
Epoch 13/28
 - 19s - loss: 1.1671 - accuracy: 0.7068 - val_loss: 1.0788 - val_accuracy: 0.7431
Epoch 14/28
 - 19s - loss: 1.1546 - accuracy: 0.7122 - val_loss: 1.1172 - val_accuracy: 0.7220
Epoch 15/28
 - 19s - loss: 1.1391 - accuracy: 0.7220 - val_loss: 1.3028 - val_accuracy: 0.6672
Epoch 16/28
 - 19s - loss: 1.1457 - accuracy: 0.7176 - val_loss: 1.1706 - val_accuracy: 0.7216
Epoch 17/28
 - 20s - loss: 1.1124 - accuracy: 0.7331 - val_loss: 1.0637 - val_accuracy: 0.7458
Epoch 18/28
 - 19s - loss: 1.1096 - accuracy: 0.7321 - val_loss: 1.1530 - val_accuracy: 0.7217
Epoch 19/28
 - 19s - loss: 1.1004 - accuracy: 0.7366 - val_loss: 1.0433 - val_accuracy: 0.7586
Epoch 20/28
 - 19s - loss: 1.1047 - accuracy: 0.7364 - val_loss: 1.5651 - val_accuracy: 0.6254
Epoch 21/28
 - 19s - loss: 0.9871 - accuracy: 0.7743 - val_loss: 0.9791 - val_accuracy: 0.7742
Epoch 22/28
 - 19s - loss: 0.9440 - accuracy: 0.7792 - val_loss: 0.9305 - val_accuracy: 0.7840
Epoch 23/28
 - 19s - loss: 0.9263 - accuracy: 0.7806 - val_loss: 0.8842 - val_accuracy: 0.8002
Epoch 24/28
 - 19s - loss: 0.9154 - accuracy: 0.7820 - val_loss: 0.9672 - val_accuracy: 0.7693
Epoch 25/28
 - 19s - loss: 0.9120 - accuracy: 0.7837 - val_loss: 1.1888 - val_accuracy: 0.6924
Epoch 26/28
 - 19s - loss: 0.9064 - accuracy: 0.7831 - val_loss: 0.9273 - val_accuracy: 0.7813
Epoch 27/28
 - 19s - loss: 0.9089 - accuracy: 0.7846 - val_loss: 0.8745 - val_accuracy: 0.7999
Epoch 28/28
 - 19s - loss: 0.9081 - accuracy: 0.7839 - val_loss: 0.9203 - val_accuracy: 0.7818
Epoch 1/6
 - 136s - loss: 57.4643 - accuracy: 0.1684 - val_loss: 40.4780 - val_accuracy: 0.1232
Epoch 2/6
 - 125s - loss: 28.3909 - accuracy: 0.2441 - val_loss: 19.5818 - val_accuracy: 0.1877
Epoch 3/6
 - 125s - loss: 13.8984 - accuracy: 0.2999 - val_loss: 10.1836 - val_accuracy: 0.2004
Epoch 4/6
 - 125s - loss: 7.2503 - accuracy: 0.3651 - val_loss: 5.5061 - val_accuracy: 0.3304
Epoch 5/6
 - 125s - loss: 4.1783 - accuracy: 0.4302 - val_loss: 3.9494 - val_accuracy: 0.2904
Epoch 6/6
 - 125s - loss: 2.6995 - accuracy: 0.5246 - val_loss: 2.3165 - val_accuracy: 0.5381
Epoch 1/6
 - 593s - loss: 109.3245 - accuracy: 0.1698 - val_loss: 17.7029 - val_accuracy: 0.1781
Epoch 2/6
 - 587s - loss: 6.7969 - accuracy: 0.2566 - val_loss: 2.9163 - val_accuracy: 0.2379
Epoch 3/6
 - 587s - loss: 2.3496 - accuracy: 0.2693 - val_loss: 2.0881 - val_accuracy: 0.2847
Epoch 4/6
 - 587s - loss: 2.0875 - accuracy: 0.3005 - val_loss: 2.0528 - val_accuracy: 0.3396
Epoch 5/6
 - 586s - loss: 2.1377 - accuracy: 0.3079 - val_loss: 2.2788 - val_accuracy: 0.2638
Epoch 6/6
 - 587s - loss: 2.0565 - accuracy: 0.3718 - val_loss: 1.9802 - val_accuracy: 0.4276
Epoch 1/4
 - 72s - loss: 3.4138 - accuracy: 0.2012 - val_loss: 3.1513 - val_accuracy: 0.2312
Epoch 2/4
 - 67s - loss: 2.9785 - accuracy: 0.2858 - val_loss: 2.8239 - val_accuracy: 0.3123
Epoch 3/4
 - 67s - loss: 2.7322 - accuracy: 0.3276 - val_loss: 2.5802 - val_accuracy: 0.3721
Epoch 4/4
 - 67s - loss: 2.5340 - accuracy: 0.3652 - val_loss: 2.3447 - val_accuracy: 0.4138
Epoch 1/10
 - 59s - loss: 6.2701 - accuracy: 0.3322 - val_loss: 5.8091 - val_accuracy: 0.4492
Epoch 2/10
 - 51s - loss: 5.7081 - accuracy: 0.4748 - val_loss: 5.4918 - val_accuracy: 0.5203
Epoch 3/10
 - 50s - loss: 5.3709 - accuracy: 0.5466 - val_loss: 5.1846 - val_accuracy: 0.5802
Epoch 4/10
 - 50s - loss: 5.0671 - accuracy: 0.5951 - val_loss: 5.0580 - val_accuracy: 0.5705
Epoch 5/10
 - 50s - loss: 4.8051 - accuracy: 0.6357 - val_loss: 4.6945 - val_accuracy: 0.6649
Epoch 6/10
 - 50s - loss: 4.5680 - accuracy: 0.6774 - val_loss: 4.5840 - val_accuracy: 0.6490
Epoch 7/10
 - 50s - loss: 4.3472 - accuracy: 0.7087 - val_loss: 4.4346 - val_accuracy: 0.6822
Epoch 8/10
 - 50s - loss: 4.1514 - accuracy: 0.7349 - val_loss: 4.0908 - val_accuracy: 0.7513
Epoch 9/10
 - 50s - loss: 3.9747 - accuracy: 0.7568 - val_loss: 3.9146 - val_accuracy: 0.7682
Epoch 10/10
 - 50s - loss: 3.8127 - accuracy: 0.7717 - val_loss: 3.7959 - val_accuracy: 0.7680
Epoch 1/6
 - 187s - loss: 11.0720 - accuracy: 0.2107 - val_loss: 8.2431 - val_accuracy: 0.3360
Epoch 2/6
 - 181s - loss: 6.5404 - accuracy: 0.3394 - val_loss: 5.0719 - val_accuracy: 0.4141
Epoch 3/6
 - 181s - loss: 4.1857 - accuracy: 0.4445 - val_loss: 3.3678 - val_accuracy: 0.4914
Epoch 4/6
 - 181s - loss: 2.9192 - accuracy: 0.5106 - val_loss: 2.4257 - val_accuracy: 0.5519
Epoch 5/6
 - 180s - loss: 2.2202 - accuracy: 0.5707 - val_loss: 1.9965 - val_accuracy: 0.6029
Epoch 6/6
 - 181s - loss: 1.8469 - accuracy: 0.6183 - val_loss: 1.5727 - val_accuracy: 0.6847
Epoch 1/4
 - 49s - loss: 3.0735 - accuracy: 0.1864 - val_loss: 2.7397 - val_accuracy: 0.2901
Epoch 2/4
 - 43s - loss: 2.6561 - accuracy: 0.2705 - val_loss: 2.3362 - val_accuracy: 0.3559
Epoch 3/4
 - 44s - loss: 2.4509 - accuracy: 0.3174 - val_loss: 2.2903 - val_accuracy: 0.3720
Epoch 4/4
 - 43s - loss: 2.2474 - accuracy: 0.3767 - val_loss: 1.9746 - val_accuracy: 0.4666
Epoch 1/2
 - 123s - loss: 178.9967 - accuracy: 0.1547 - val_loss: 62.4799 - val_accuracy: 0.1001
Epoch 2/2
 - 114s - loss: 28.0490 - accuracy: 0.2586 - val_loss: 11.7055 - val_accuracy: 0.1000
Epoch 1/18
 - 24s - loss: 21.1943 - accuracy: 0.2699 - val_loss: 4.7287 - val_accuracy: 0.1000
Epoch 2/18
 - 19s - loss: 2.2629 - accuracy: 0.4266 - val_loss: 3.7048 - val_accuracy: 0.1573
Epoch 3/18
 - 19s - loss: 1.8878 - accuracy: 0.4685 - val_loss: 2.6341 - val_accuracy: 0.3244
Epoch 4/18
 - 19s - loss: 1.8754 - accuracy: 0.4898 - val_loss: 1.9372 - val_accuracy: 0.4623
Epoch 5/18
 - 19s - loss: 1.8849 - accuracy: 0.5008 - val_loss: 2.0912 - val_accuracy: 0.4460
Epoch 6/18
 - 19s - loss: 1.9075 - accuracy: 0.5056 - val_loss: 2.5092 - val_accuracy: 0.3356
Epoch 7/18
 - 19s - loss: 1.8894 - accuracy: 0.5157 - val_loss: 1.9917 - val_accuracy: 0.4896
Epoch 8/18
 - 19s - loss: 1.8933 - accuracy: 0.5182 - val_loss: 3.0170 - val_accuracy: 0.3237
Epoch 9/18
 - 19s - loss: 1.8812 - accuracy: 0.5278 - val_loss: 2.4437 - val_accuracy: 0.3752
Epoch 10/18
 - 19s - loss: 1.9042 - accuracy: 0.5266 - val_loss: 2.0341 - val_accuracy: 0.4910
Epoch 11/18
 - 19s - loss: 1.9062 - accuracy: 0.5276 - val_loss: 2.4532 - val_accuracy: 0.3913
Epoch 12/18
 - 19s - loss: 1.9087 - accuracy: 0.5268 - val_loss: 2.2003 - val_accuracy: 0.4298
Epoch 13/18
 - 19s - loss: 1.9137 - accuracy: 0.5297 - val_loss: 2.0090 - val_accuracy: 0.5069
Epoch 14/18
 - 19s - loss: 1.9115 - accuracy: 0.5327 - val_loss: 3.6476 - val_accuracy: 0.1884
Epoch 15/18
 - 19s - loss: 1.8984 - accuracy: 0.5371 - val_loss: 2.4102 - val_accuracy: 0.3952
Epoch 16/18
 - 19s - loss: 1.9001 - accuracy: 0.5328 - val_loss: 2.0262 - val_accuracy: 0.4832
Epoch 17/18
 - 19s - loss: 1.8935 - accuracy: 0.5322 - val_loss: 2.5530 - val_accuracy: 0.3632
Epoch 18/18
 - 19s - loss: 1.8983 - accuracy: 0.5363 - val_loss: 1.9670 - val_accuracy: 0.5147
Epoch 1/28
 - 72s - loss: 9.6615 - accuracy: 0.1113 - val_loss: 63.7087 - val_accuracy: 0.1321
Epoch 2/28
 - 66s - loss: 7.5784 - accuracy: 0.2200 - val_loss: 18.7812 - val_accuracy: 0.1217
Epoch 3/28
 - 65s - loss: 5.7788 - accuracy: 0.3120 - val_loss: 6.9453 - val_accuracy: 0.2005
Epoch 4/28
 - 65s - loss: 4.6331 - accuracy: 0.3639 - val_loss: 4.6605 - val_accuracy: 0.2772
Epoch 5/28
 - 65s - loss: 3.7830 - accuracy: 0.4182 - val_loss: 4.1065 - val_accuracy: 0.2880
Epoch 6/28
 - 65s - loss: 3.1223 - accuracy: 0.4807 - val_loss: 2.9642 - val_accuracy: 0.4870
Epoch 7/28
 - 65s - loss: 2.6701 - accuracy: 0.5224 - val_loss: 2.7161 - val_accuracy: 0.4823
Epoch 8/28
 - 65s - loss: 2.3398 - accuracy: 0.5558 - val_loss: 2.1669 - val_accuracy: 0.5935
Epoch 9/28
 - 65s - loss: 2.0888 - accuracy: 0.5892 - val_loss: 1.8587 - val_accuracy: 0.6453
Epoch 10/28
 - 65s - loss: 1.9176 - accuracy: 0.6083 - val_loss: 1.9751 - val_accuracy: 0.5950
Epoch 11/28
 - 65s - loss: 1.7888 - accuracy: 0.6314 - val_loss: 1.5495 - val_accuracy: 0.7044
Epoch 12/28
 - 65s - loss: 1.7043 - accuracy: 0.6458 - val_loss: 1.4763 - val_accuracy: 0.7154
Epoch 13/28
 - 65s - loss: 1.6357 - accuracy: 0.6592 - val_loss: 1.5080 - val_accuracy: 0.6878
Epoch 14/28
 - 65s - loss: 1.5903 - accuracy: 0.6682 - val_loss: 1.4698 - val_accuracy: 0.7059
Epoch 15/28
 - 65s - loss: 1.5653 - accuracy: 0.6771 - val_loss: 1.4232 - val_accuracy: 0.7222
Epoch 16/28
 - 65s - loss: 1.5332 - accuracy: 0.6878 - val_loss: 1.3858 - val_accuracy: 0.7303
Epoch 17/28
 - 65s - loss: 1.5225 - accuracy: 0.6944 - val_loss: 1.4233 - val_accuracy: 0.7364
Epoch 18/28
 - 65s - loss: 1.5156 - accuracy: 0.7002 - val_loss: 1.4563 - val_accuracy: 0.7292
Epoch 19/28
 - 65s - loss: 1.5134 - accuracy: 0.7023 - val_loss: 1.3541 - val_accuracy: 0.7569
Epoch 20/28
 - 65s - loss: 1.4957 - accuracy: 0.7097 - val_loss: 1.3963 - val_accuracy: 0.7509
Epoch 21/28
 - 65s - loss: 1.3841 - accuracy: 0.7421 - val_loss: 1.1924 - val_accuracy: 0.8020
Epoch 22/28
 - 65s - loss: 1.3210 - accuracy: 0.7534 - val_loss: 1.1416 - val_accuracy: 0.8083
Epoch 23/28
 - 65s - loss: 1.2929 - accuracy: 0.7557 - val_loss: 1.0665 - val_accuracy: 0.8284
Epoch 24/28
 - 65s - loss: 1.2712 - accuracy: 0.7610 - val_loss: 1.2108 - val_accuracy: 0.7786
Epoch 25/28
 - 65s - loss: 1.2556 - accuracy: 0.7629 - val_loss: 1.0858 - val_accuracy: 0.8179
Epoch 26/28
 - 65s - loss: 1.2484 - accuracy: 0.7642 - val_loss: 1.0840 - val_accuracy: 0.8192
Epoch 27/28
 - 65s - loss: 1.2364 - accuracy: 0.7688 - val_loss: 1.0581 - val_accuracy: 0.8213
Epoch 28/28
 - 65s - loss: 1.2427 - accuracy: 0.7663 - val_loss: 1.0855 - val_accuracy: 0.8176
#013 (011, 0.285):: #Pareto: 5, acqs=[ucb:8, ts:2], 
Epoch 1/10
 - 128s - loss: 47.4175 - accuracy: 0.1853 - val_loss: 10.1381 - val_accuracy: 0.2142
Epoch 2/10
 - 123s - loss: 4.1036 - accuracy: 0.2412 - val_loss: 2.2852 - val_accuracy: 0.2860
Epoch 3/10
 - 123s - loss: 2.1797 - accuracy: 0.2623 - val_loss: 2.0655 - val_accuracy: 0.2818
Epoch 4/10
 - 123s - loss: 2.0556 - accuracy: 0.2938 - val_loss: 2.0410 - val_accuracy: 0.2991
Epoch 5/10
 - 123s - loss: 2.0898 - accuracy: 0.3074 - val_loss: 1.9602 - val_accuracy: 0.3839
Epoch 6/10
 - 123s - loss: 2.0139 - accuracy: 0.3546 - val_loss: 1.9997 - val_accuracy: 0.3812
Epoch 7/10
 - 123s - loss: 2.0252 - accuracy: 0.3749 - val_loss: 1.8600 - val_accuracy: 0.4284
Epoch 8/10
 - 123s - loss: 2.0478 - accuracy: 0.3891 - val_loss: 1.9495 - val_accuracy: 0.4132
Epoch 9/10
 - 123s - loss: 2.0686 - accuracy: 0.4019 - val_loss: 1.9569 - val_accuracy: 0.4483
Epoch 10/10
 - 123s - loss: 2.0614 - accuracy: 0.4241 - val_loss: 2.0814 - val_accuracy: 0.4145
Epoch 1/12
 - 86s - loss: 2.8199 - accuracy: 0.2490 - val_loss: 2.5192 - val_accuracy: 0.3117
Epoch 2/12
 - 81s - loss: 2.3413 - accuracy: 0.3685 - val_loss: 1.9956 - val_accuracy: 0.4827
Epoch 3/12
 - 81s - loss: 2.0522 - accuracy: 0.4453 - val_loss: 1.7282 - val_accuracy: 0.5400
Epoch 4/12
 - 81s - loss: 1.8362 - accuracy: 0.5009 - val_loss: 1.6372 - val_accuracy: 0.5483
Epoch 5/12
 - 81s - loss: 1.6787 - accuracy: 0.5452 - val_loss: 1.5026 - val_accuracy: 0.5999
Epoch 6/12
 - 81s - loss: 1.5646 - accuracy: 0.5785 - val_loss: 1.3425 - val_accuracy: 0.6453
Epoch 7/12
 - 81s - loss: 1.4936 - accuracy: 0.6065 - val_loss: 1.3475 - val_accuracy: 0.6534
Epoch 8/12
 - 81s - loss: 1.4291 - accuracy: 0.6280 - val_loss: 1.2592 - val_accuracy: 0.6807
Epoch 9/12
 - 81s - loss: 1.4006 - accuracy: 0.6385 - val_loss: 1.1952 - val_accuracy: 0.6976
Epoch 10/12
 - 81s - loss: 1.3555 - accuracy: 0.6547 - val_loss: 1.1718 - val_accuracy: 0.7155
Epoch 11/12
 - 81s - loss: 1.3312 - accuracy: 0.6657 - val_loss: 1.1220 - val_accuracy: 0.7348
Epoch 12/12
 - 81s - loss: 1.3060 - accuracy: 0.6754 - val_loss: 1.1251 - val_accuracy: 0.7335
Epoch 1/18
 - 24s - loss: 2.6985 - accuracy: 0.2948 - val_loss: 2.6394 - val_accuracy: 0.3356
Epoch 2/18
 - 19s - loss: 2.3209 - accuracy: 0.3985 - val_loss: 2.2285 - val_accuracy: 0.4300
Epoch 3/18
 - 19s - loss: 2.0769 - accuracy: 0.4658 - val_loss: 1.9336 - val_accuracy: 0.5131
Epoch 4/18
 - 20s - loss: 1.8737 - accuracy: 0.5245 - val_loss: 1.7642 - val_accuracy: 0.5547
Epoch 5/18
 - 19s - loss: 1.6939 - accuracy: 0.5725 - val_loss: 1.5122 - val_accuracy: 0.6255
Epoch 6/18
 - 19s - loss: 1.5575 - accuracy: 0.6081 - val_loss: 1.5579 - val_accuracy: 0.5955
Epoch 7/18
 - 19s - loss: 1.4349 - accuracy: 0.6390 - val_loss: 1.3537 - val_accuracy: 0.6724
Epoch 8/18
 - 19s - loss: 1.3473 - accuracy: 0.6649 - val_loss: 1.2458 - val_accuracy: 0.6933
Epoch 9/18
 - 19s - loss: 1.2678 - accuracy: 0.6839 - val_loss: 1.2212 - val_accuracy: 0.7014
Epoch 10/18
 - 19s - loss: 1.2139 - accuracy: 0.6963 - val_loss: 1.1712 - val_accuracy: 0.7090
Epoch 11/18
 - 19s - loss: 1.1596 - accuracy: 0.7117 - val_loss: 1.1213 - val_accuracy: 0.7261
Epoch 12/18
 - 19s - loss: 1.1214 - accuracy: 0.7212 - val_loss: 1.1287 - val_accuracy: 0.7208
Epoch 13/18
 - 19s - loss: 1.0821 - accuracy: 0.7318 - val_loss: 1.0273 - val_accuracy: 0.7470
Epoch 14/18
 - 19s - loss: 1.0560 - accuracy: 0.7381 - val_loss: 1.1490 - val_accuracy: 0.7144
Epoch 15/18
 - 19s - loss: 1.0320 - accuracy: 0.7432 - val_loss: 1.0880 - val_accuracy: 0.7304
Epoch 16/18
 - 19s - loss: 1.0086 - accuracy: 0.7489 - val_loss: 0.9111 - val_accuracy: 0.7803
Epoch 17/18
 - 19s - loss: 0.9928 - accuracy: 0.7536 - val_loss: 0.9954 - val_accuracy: 0.7505
Epoch 18/18
 - 19s - loss: 0.9736 - accuracy: 0.7601 - val_loss: 1.0321 - val_accuracy: 0.7417
Epoch 1/18
 - 24s - loss: 2.8784 - accuracy: 0.3508 - val_loss: 2.5263 - val_accuracy: 0.4722
Epoch 2/18
 - 19s - loss: 2.4238 - accuracy: 0.4947 - val_loss: 2.3039 - val_accuracy: 0.5338
Epoch 3/18
 - 19s - loss: 2.1897 - accuracy: 0.5615 - val_loss: 2.1036 - val_accuracy: 0.5949
Epoch 4/18
 - 19s - loss: 1.9893 - accuracy: 0.6190 - val_loss: 1.8386 - val_accuracy: 0.6621
Epoch 5/18
 - 19s - loss: 1.8235 - accuracy: 0.6597 - val_loss: 1.7623 - val_accuracy: 0.6703
Epoch 6/18
 - 19s - loss: 1.6843 - accuracy: 0.6945 - val_loss: 1.5965 - val_accuracy: 0.7231
Epoch 7/18
 - 19s - loss: 1.5673 - accuracy: 0.7224 - val_loss: 1.4364 - val_accuracy: 0.7602
Epoch 8/18
 - 19s - loss: 1.4754 - accuracy: 0.7410 - val_loss: 1.4255 - val_accuracy: 0.7515
Epoch 9/18
 - 19s - loss: 1.3969 - accuracy: 0.7573 - val_loss: 1.3137 - val_accuracy: 0.7795
Epoch 10/18
 - 19s - loss: 1.3272 - accuracy: 0.7679 - val_loss: 1.2768 - val_accuracy: 0.7801
Epoch 11/18
 - 19s - loss: 1.2631 - accuracy: 0.7804 - val_loss: 1.2665 - val_accuracy: 0.7819
Epoch 12/18
 - 19s - loss: 1.2148 - accuracy: 0.7875 - val_loss: 1.2296 - val_accuracy: 0.7810
Epoch 13/18
 - 19s - loss: 1.1615 - accuracy: 0.7960 - val_loss: 1.0897 - val_accuracy: 0.8176
Epoch 14/18
 - 19s - loss: 1.1190 - accuracy: 0.8027 - val_loss: 1.1561 - val_accuracy: 0.7913
Epoch 15/18
 - 19s - loss: 1.0788 - accuracy: 0.8092 - val_loss: 1.0692 - val_accuracy: 0.8123
Epoch 16/18
 - 19s - loss: 1.0437 - accuracy: 0.8158 - val_loss: 1.0124 - val_accuracy: 0.8238
Epoch 17/18
 - 19s - loss: 1.0124 - accuracy: 0.8198 - val_loss: 0.9948 - val_accuracy: 0.8229
Epoch 18/18
 - 19s - loss: 0.9736 - accuracy: 0.8269 - val_loss: 0.9821 - val_accuracy: 0.8207
Epoch 1/16
 - 67s - loss: 8.5178 - accuracy: 0.2245 - val_loss: 2.7883 - val_accuracy: 0.3322
Epoch 2/16
 - 60s - loss: 2.2372 - accuracy: 0.3399 - val_loss: 2.2972 - val_accuracy: 0.2953
Epoch 3/16
 - 59s - loss: 1.9263 - accuracy: 0.3929 - val_loss: 1.9184 - val_accuracy: 0.4166
Epoch 4/16
 - 59s - loss: 1.8964 - accuracy: 0.4322 - val_loss: 1.8248 - val_accuracy: 0.4637
Epoch 5/16
 - 61s - loss: 1.9012 - accuracy: 0.4460 - val_loss: 2.0032 - val_accuracy: 0.4312
Epoch 6/16
 - 50s - loss: 1.9129 - accuracy: 0.4499 - val_loss: 1.9248 - val_accuracy: 0.4717
Epoch 7/16
 - 43s - loss: 1.9233 - accuracy: 0.4614 - val_loss: 1.9881 - val_accuracy: 0.4263
Epoch 8/16
 - 43s - loss: 1.9109 - accuracy: 0.4711 - val_loss: 1.7748 - val_accuracy: 0.4996
Epoch 9/16
 - 43s - loss: 1.9108 - accuracy: 0.4709 - val_loss: 1.9146 - val_accuracy: 0.4705
Epoch 10/16
 - 43s - loss: 1.9026 - accuracy: 0.4820 - val_loss: 1.7117 - val_accuracy: 0.5400
Epoch 11/16
 - 42s - loss: 1.9036 - accuracy: 0.4819 - val_loss: 2.5396 - val_accuracy: 0.3469
Epoch 12/16
 - 43s - loss: 1.9123 - accuracy: 0.4820 - val_loss: 1.7855 - val_accuracy: 0.5141
Epoch 13/16
 - 45s - loss: 1.9315 - accuracy: 0.4771 - val_loss: 2.1221 - val_accuracy: 0.4155
Epoch 14/16
 - 44s - loss: 1.9017 - accuracy: 0.4876 - val_loss: 2.3220 - val_accuracy: 0.3638
Epoch 15/16
 - 43s - loss: 1.9313 - accuracy: 0.4823 - val_loss: 2.0954 - val_accuracy: 0.4061
Epoch 16/16
 - 43s - loss: 1.9664 - accuracy: 0.4623 - val_loss: 1.7680 - val_accuracy: 0.5408
Epoch 1/6
 - 329s - loss: 11.1748 - accuracy: 0.2290 - val_loss: 10.0402 - val_accuracy: 0.3334
Epoch 2/6
 - 323s - loss: 8.4880 - accuracy: 0.3447 - val_loss: 7.5103 - val_accuracy: 0.4193
Epoch 3/6
 - 323s - loss: 6.5488 - accuracy: 0.4355 - val_loss: 5.6120 - val_accuracy: 0.5328
Epoch 4/6
 - 323s - loss: 5.1360 - accuracy: 0.5001 - val_loss: 4.3836 - val_accuracy: 0.5838
Epoch 5/6
 - 323s - loss: 4.1027 - accuracy: 0.5485 - val_loss: 3.4558 - val_accuracy: 0.6512
Epoch 6/6
 - 323s - loss: 3.3270 - accuracy: 0.5945 - val_loss: 2.8454 - val_accuracy: 0.6761
Epoch 1/24
 - 43s - loss: 18.5756 - accuracy: 0.2589 - val_loss: 13.4761 - val_accuracy: 0.2239
Epoch 2/24
 - 36s - loss: 9.6050 - accuracy: 0.3898 - val_loss: 7.0175 - val_accuracy: 0.3417
Epoch 3/24
 - 36s - loss: 5.1028 - accuracy: 0.4982 - val_loss: 4.0785 - val_accuracy: 0.4259
Epoch 4/24
 - 36s - loss: 3.0067 - accuracy: 0.5774 - val_loss: 2.6753 - val_accuracy: 0.5068
Epoch 5/24
 - 36s - loss: 2.0354 - accuracy: 0.6368 - val_loss: 2.1777 - val_accuracy: 0.5412
Epoch 6/24
 - 36s - loss: 1.6082 - accuracy: 0.6700 - val_loss: 1.9525 - val_accuracy: 0.5462
Epoch 7/24
 - 36s - loss: 1.4150 - accuracy: 0.6945 - val_loss: 1.5304 - val_accuracy: 0.6411
Epoch 8/24
 - 36s - loss: 1.3402 - accuracy: 0.7069 - val_loss: 1.4836 - val_accuracy: 0.6635
Epoch 9/24
 - 36s - loss: 1.2918 - accuracy: 0.7255 - val_loss: 1.2435 - val_accuracy: 0.7394
Epoch 10/24
 - 36s - loss: 1.2698 - accuracy: 0.7323 - val_loss: 1.6228 - val_accuracy: 0.6486
Epoch 11/24
 - 36s - loss: 1.2499 - accuracy: 0.7458 - val_loss: 1.3284 - val_accuracy: 0.7155
Epoch 12/24
 - 36s - loss: 1.2613 - accuracy: 0.7470 - val_loss: 1.5084 - val_accuracy: 0.6508
Epoch 13/24
 - 36s - loss: 1.2601 - accuracy: 0.7494 - val_loss: 1.4174 - val_accuracy: 0.7179
Epoch 14/24
 - 36s - loss: 1.2581 - accuracy: 0.7574 - val_loss: 2.2139 - val_accuracy: 0.5690
Epoch 15/24
 - 36s - loss: 1.2740 - accuracy: 0.7599 - val_loss: 1.3891 - val_accuracy: 0.7187
Epoch 16/24
 - 36s - loss: 1.2844 - accuracy: 0.7586 - val_loss: 1.9512 - val_accuracy: 0.5847
Epoch 17/24
 - 36s - loss: 1.2783 - accuracy: 0.7621 - val_loss: 1.3254 - val_accuracy: 0.7414
Epoch 18/24
 - 36s - loss: 1.2698 - accuracy: 0.7651 - val_loss: 1.3457 - val_accuracy: 0.7486
Epoch 19/24
 - 36s - loss: 1.2791 - accuracy: 0.7641 - val_loss: 1.3800 - val_accuracy: 0.7404
Epoch 20/24
 - 36s - loss: 1.2761 - accuracy: 0.7700 - val_loss: 1.2649 - val_accuracy: 0.7710
Epoch 21/24
 - 36s - loss: 1.0948 - accuracy: 0.8139 - val_loss: 1.0504 - val_accuracy: 0.8140
Epoch 22/24
 - 36s - loss: 1.0172 - accuracy: 0.8200 - val_loss: 1.0493 - val_accuracy: 0.8088
Epoch 23/24
 - 36s - loss: 1.0004 - accuracy: 0.8223 - val_loss: 1.0387 - val_accuracy: 0.8126
Epoch 24/24
 - 36s - loss: 1.0050 - accuracy: 0.8199 - val_loss: 1.1270 - val_accuracy: 0.7814
Epoch 1/10
 - 59s - loss: 6.1950 - accuracy: 0.2339 - val_loss: 5.8453 - val_accuracy: 0.2746
Epoch 2/10
 - 51s - loss: 5.7111 - accuracy: 0.3374 - val_loss: 5.7183 - val_accuracy: 0.3227
Epoch 3/10
 - 51s - loss: 5.4672 - accuracy: 0.3988 - val_loss: 5.6112 - val_accuracy: 0.3646
Epoch 4/10
 - 50s - loss: 5.2747 - accuracy: 0.4482 - val_loss: 5.4789 - val_accuracy: 0.4179
Epoch 5/10
 - 50s - loss: 5.1068 - accuracy: 0.4879 - val_loss: 5.3686 - val_accuracy: 0.4401
Epoch 6/10
 - 50s - loss: 4.9453 - accuracy: 0.5299 - val_loss: 5.2045 - val_accuracy: 0.4998
Epoch 7/10
 - 50s - loss: 4.8041 - accuracy: 0.5605 - val_loss: 5.2461 - val_accuracy: 0.4693
Epoch 8/10
 - 50s - loss: 4.6767 - accuracy: 0.5847 - val_loss: 5.0972 - val_accuracy: 0.5226
Epoch 9/10
 - 50s - loss: 4.5467 - accuracy: 0.6073 - val_loss: 4.8236 - val_accuracy: 0.5561
Epoch 10/10
 - 50s - loss: 4.4368 - accuracy: 0.6303 - val_loss: 4.5537 - val_accuracy: 0.6134
Epoch 1/16
 - 24s - loss: 96.3122 - accuracy: 0.1612 - val_loss: 10.4381 - val_accuracy: 0.1000
Epoch 2/16
 - 19s - loss: 3.9998 - accuracy: 0.2434 - val_loss: 2.5083 - val_accuracy: 0.1772
Epoch 3/16
 - 19s - loss: 2.0778 - accuracy: 0.2929 - val_loss: 2.1867 - val_accuracy: 0.2891
Epoch 4/16
 - 19s - loss: 2.0206 - accuracy: 0.3240 - val_loss: 2.1484 - val_accuracy: 0.2885
Epoch 5/16
 - 19s - loss: 1.9950 - accuracy: 0.3455 - val_loss: 2.1662 - val_accuracy: 0.3420
Epoch 6/16
 - 19s - loss: 2.0020 - accuracy: 0.3769 - val_loss: 2.3983 - val_accuracy: 0.3541
Epoch 7/16
 - 19s - loss: 1.9893 - accuracy: 0.4010 - val_loss: 2.3930 - val_accuracy: 0.3109
Epoch 8/16
 - 19s - loss: 2.0069 - accuracy: 0.4132 - val_loss: 2.2496 - val_accuracy: 0.3372
Epoch 9/16
 - 19s - loss: 2.0005 - accuracy: 0.4335 - val_loss: 3.3854 - val_accuracy: 0.3371
Epoch 10/16
 - 19s - loss: 2.0074 - accuracy: 0.4485 - val_loss: 2.3074 - val_accuracy: 0.3977
Epoch 11/16
 - 19s - loss: 1.9926 - accuracy: 0.4583 - val_loss: 2.0933 - val_accuracy: 0.4608
Epoch 12/16
 - 19s - loss: 1.9995 - accuracy: 0.4679 - val_loss: 2.3977 - val_accuracy: 0.4155
Epoch 13/16
 - 19s - loss: 2.0385 - accuracy: 0.4535 - val_loss: 2.5422 - val_accuracy: 0.3381
Epoch 14/16
 - 19s - loss: 2.0228 - accuracy: 0.4568 - val_loss: 2.1182 - val_accuracy: 0.4145
Epoch 15/16
 - 19s - loss: 2.0001 - accuracy: 0.4663 - val_loss: 1.9437 - val_accuracy: 0.4791
Epoch 16/16
 - 19s - loss: 2.0069 - accuracy: 0.4676 - val_loss: 2.1473 - val_accuracy: 0.3849
Epoch 1/16
 - 27s - loss: 2.9063 - accuracy: 0.3418 - val_loss: 2.5053 - val_accuracy: 0.4766
Epoch 2/16
 - 22s - loss: 2.4837 - accuracy: 0.4795 - val_loss: 2.3266 - val_accuracy: 0.5398
Epoch 3/16
 - 22s - loss: 2.2725 - accuracy: 0.5541 - val_loss: 2.2068 - val_accuracy: 0.5704
Epoch 4/16
 - 22s - loss: 2.1160 - accuracy: 0.6043 - val_loss: 1.9421 - val_accuracy: 0.6562
Epoch 5/16
 - 22s - loss: 1.9947 - accuracy: 0.6412 - val_loss: 1.8536 - val_accuracy: 0.6844
Epoch 6/16
 - 22s - loss: 1.8884 - accuracy: 0.6720 - val_loss: 1.8054 - val_accuracy: 0.7014
Epoch 7/16
 - 22s - loss: 1.8001 - accuracy: 0.6970 - val_loss: 1.7063 - val_accuracy: 0.7264
Epoch 8/16
 - 22s - loss: 1.7253 - accuracy: 0.7163 - val_loss: 1.6183 - val_accuracy: 0.7544
Epoch 9/16
 - 22s - loss: 1.6688 - accuracy: 0.7294 - val_loss: 1.5498 - val_accuracy: 0.7672
Epoch 10/16
 - 22s - loss: 1.6082 - accuracy: 0.7442 - val_loss: 1.4999 - val_accuracy: 0.7777
Epoch 11/16
 - 22s - loss: 1.5549 - accuracy: 0.7544 - val_loss: 1.5264 - val_accuracy: 0.7642
Epoch 12/16
 - 22s - loss: 1.5079 - accuracy: 0.7645 - val_loss: 1.4685 - val_accuracy: 0.7741
Epoch 13/16
 - 22s - loss: 1.4671 - accuracy: 0.7710 - val_loss: 1.3892 - val_accuracy: 0.7987
Epoch 14/16
 - 22s - loss: 1.4209 - accuracy: 0.7807 - val_loss: 1.3277 - val_accuracy: 0.8137
Epoch 15/16
 - 22s - loss: 1.3906 - accuracy: 0.7849 - val_loss: 1.3605 - val_accuracy: 0.7974
Epoch 16/16
 - 22s - loss: 1.3491 - accuracy: 0.7936 - val_loss: 1.3258 - val_accuracy: 0.8001
Epoch 1/8
 - 24s - loss: 16.3839 - accuracy: 0.1304 - val_loss: 3.7172 - val_accuracy: 0.1073
Epoch 2/8
 - 19s - loss: 2.6566 - accuracy: 0.2442 - val_loss: 2.4184 - val_accuracy: 0.2548
Epoch 3/8
 - 19s - loss: 2.3953 - accuracy: 0.2768 - val_loss: 2.5718 - val_accuracy: 0.2230
Epoch 4/8
 - 19s - loss: 2.4058 - accuracy: 0.2949 - val_loss: 2.6192 - val_accuracy: 0.2550
Epoch 5/8
 - 19s - loss: 2.4310 - accuracy: 0.3045 - val_loss: 2.4636 - val_accuracy: 0.2846
Epoch 6/8
 - 19s - loss: 2.4277 - accuracy: 0.3066 - val_loss: 3.0086 - val_accuracy: 0.1817
Epoch 7/8
 - 19s - loss: 2.4147 - accuracy: 0.3085 - val_loss: 2.5713 - val_accuracy: 0.2334
Epoch 8/8
 - 19s - loss: 2.4164 - accuracy: 0.3137 - val_loss: 2.6253 - val_accuracy: 0.2584
Epoch 1/30
 - 24s - loss: 2.7821 - accuracy: 0.2370 - val_loss: 2.4768 - val_accuracy: 0.3029
Epoch 2/30
 - 19s - loss: 2.3688 - accuracy: 0.3562 - val_loss: 2.1795 - val_accuracy: 0.4186
Epoch 3/30
 - 19s - loss: 2.1838 - accuracy: 0.4174 - val_loss: 2.0367 - val_accuracy: 0.4578
Epoch 4/30
 - 19s - loss: 2.0427 - accuracy: 0.4654 - val_loss: 1.9208 - val_accuracy: 0.5038
Epoch 5/30
 - 19s - loss: 1.9300 - accuracy: 0.5016 - val_loss: 1.8510 - val_accuracy: 0.5340
Epoch 6/30
 - 19s - loss: 1.8452 - accuracy: 0.5328 - val_loss: 1.7091 - val_accuracy: 0.5784
Epoch 7/30
 - 19s - loss: 1.7731 - accuracy: 0.5507 - val_loss: 1.6907 - val_accuracy: 0.5807
Epoch 8/30
 - 19s - loss: 1.7019 - accuracy: 0.5722 - val_loss: 1.7125 - val_accuracy: 0.5786
Epoch 9/30
 - 19s - loss: 1.6339 - accuracy: 0.5918 - val_loss: 1.5072 - val_accuracy: 0.6370
Epoch 10/30
 - 19s - loss: 1.5784 - accuracy: 0.6053 - val_loss: 1.5325 - val_accuracy: 0.6203
Epoch 11/30
 - 19s - loss: 1.5378 - accuracy: 0.6169 - val_loss: 1.5208 - val_accuracy: 0.6157
Epoch 12/30
 - 19s - loss: 1.4875 - accuracy: 0.6284 - val_loss: 1.3891 - val_accuracy: 0.6619
Epoch 13/30
 - 19s - loss: 1.4490 - accuracy: 0.6411 - val_loss: 1.3977 - val_accuracy: 0.6590
Epoch 14/30
 - 19s - loss: 1.4140 - accuracy: 0.6508 - val_loss: 1.4465 - val_accuracy: 0.6297
Epoch 15/30
 - 18s - loss: 1.3711 - accuracy: 0.6588 - val_loss: 1.3625 - val_accuracy: 0.6587
Epoch 16/30
 - 19s - loss: 1.3419 - accuracy: 0.6669 - val_loss: 1.3531 - val_accuracy: 0.6611
Epoch 17/30
 - 19s - loss: 1.3114 - accuracy: 0.6729 - val_loss: 1.2730 - val_accuracy: 0.6921
Epoch 18/30
 - 19s - loss: 1.2797 - accuracy: 0.6823 - val_loss: 1.3183 - val_accuracy: 0.6751
Epoch 19/30
 - 19s - loss: 1.2491 - accuracy: 0.6903 - val_loss: 1.1443 - val_accuracy: 0.7210
Epoch 20/30
 - 18s - loss: 1.2206 - accuracy: 0.6976 - val_loss: 1.1985 - val_accuracy: 0.7043
Epoch 21/30
 - 19s - loss: 1.1741 - accuracy: 0.7117 - val_loss: 1.0839 - val_accuracy: 0.7425
Epoch 22/30
 - 19s - loss: 1.1446 - accuracy: 0.7183 - val_loss: 1.0839 - val_accuracy: 0.7397
Epoch 23/30
 - 19s - loss: 1.1340 - accuracy: 0.7224 - val_loss: 1.0842 - val_accuracy: 0.7372
Epoch 24/30
 - 19s - loss: 1.1151 - accuracy: 0.7253 - val_loss: 1.0888 - val_accuracy: 0.7339
Epoch 25/30
 - 19s - loss: 1.0987 - accuracy: 0.7291 - val_loss: 1.0663 - val_accuracy: 0.7422
Epoch 26/30
 - 19s - loss: 1.0857 - accuracy: 0.7344 - val_loss: 1.0149 - val_accuracy: 0.7594
Epoch 27/30
 - 19s - loss: 1.0707 - accuracy: 0.7372 - val_loss: 0.9767 - val_accuracy: 0.7679
Epoch 28/30
 - 19s - loss: 1.0620 - accuracy: 0.7369 - val_loss: 0.9873 - val_accuracy: 0.7707
Epoch 29/30
 - 19s - loss: 1.0562 - accuracy: 0.7372 - val_loss: 1.0262 - val_accuracy: 0.7513
Epoch 30/30
 - 19s - loss: 1.0390 - accuracy: 0.7443 - val_loss: 1.0775 - val_accuracy: 0.7320
Epoch 1/22
 - 86s - loss: 3.9988 - accuracy: 0.2554 - val_loss: 2.7824 - val_accuracy: 0.3624
Epoch 2/22
 - 81s - loss: 2.4142 - accuracy: 0.3730 - val_loss: 1.9449 - val_accuracy: 0.4595
Epoch 3/22
 - 81s - loss: 1.9788 - accuracy: 0.4380 - val_loss: 1.6422 - val_accuracy: 0.5405
Epoch 4/22
 - 81s - loss: 1.8401 - accuracy: 0.4856 - val_loss: 1.5934 - val_accuracy: 0.5596
Epoch 5/22
 - 81s - loss: 1.8159 - accuracy: 0.5073 - val_loss: 1.4762 - val_accuracy: 0.6235
Epoch 6/22
 - 82s - loss: 1.7790 - accuracy: 0.5385 - val_loss: 1.5144 - val_accuracy: 0.6228
Epoch 7/22
 - 82s - loss: 1.7969 - accuracy: 0.5511 - val_loss: 1.6892 - val_accuracy: 0.5913
Epoch 8/22
 - 81s - loss: 1.8060 - accuracy: 0.5648 - val_loss: 1.8177 - val_accuracy: 0.5692
Epoch 9/22
 - 82s - loss: 1.8284 - accuracy: 0.5698 - val_loss: 1.6165 - val_accuracy: 0.6202
Epoch 10/22
 - 81s - loss: 1.8291 - accuracy: 0.5797 - val_loss: 1.8105 - val_accuracy: 0.5699
Epoch 11/22
 - 81s - loss: 1.8432 - accuracy: 0.5861 - val_loss: 1.7666 - val_accuracy: 0.6202
Epoch 12/22
 - 81s - loss: 1.8331 - accuracy: 0.5932 - val_loss: 1.7177 - val_accuracy: 0.6317
Epoch 13/22
 - 81s - loss: 1.8458 - accuracy: 0.5931 - val_loss: 1.8551 - val_accuracy: 0.5908
Epoch 14/22
 - 82s - loss: 1.8235 - accuracy: 0.6020 - val_loss: 1.7044 - val_accuracy: 0.6303
Epoch 15/22
 - 82s - loss: 1.8507 - accuracy: 0.5995 - val_loss: 1.5870 - val_accuracy: 0.6733
Epoch 16/22
 - 82s - loss: 1.8384 - accuracy: 0.6023 - val_loss: 1.7047 - val_accuracy: 0.6419
Epoch 17/22
 - 82s - loss: 1.8449 - accuracy: 0.6069 - val_loss: 1.6572 - val_accuracy: 0.6634
Epoch 18/22
 - 81s - loss: 1.8438 - accuracy: 0.6107 - val_loss: 1.9145 - val_accuracy: 0.5875
Epoch 19/22
 - 81s - loss: 1.8804 - accuracy: 0.5990 - val_loss: 1.6329 - val_accuracy: 0.6740
Epoch 20/22
 - 81s - loss: 1.8725 - accuracy: 0.6060 - val_loss: 1.4930 - val_accuracy: 0.7102
Epoch 21/22
 - 81s - loss: 1.6186 - accuracy: 0.6653 - val_loss: 1.2948 - val_accuracy: 0.7485
Epoch 22/22
 - 81s - loss: 1.5516 - accuracy: 0.6705 - val_loss: 1.4287 - val_accuracy: 0.7018
#026 (024, 0.531):: #Pareto: 4, acqs=[ucb:12, ts:11], 
Epoch 1/18
 - 48s - loss: 2.9872 - accuracy: 0.2879 - val_loss: 2.4367 - val_accuracy: 0.3924
Epoch 2/18
 - 43s - loss: 2.1812 - accuracy: 0.4523 - val_loss: 1.9811 - val_accuracy: 0.4999
Epoch 3/18
 - 42s - loss: 1.8146 - accuracy: 0.5241 - val_loss: 1.5619 - val_accuracy: 0.5985
Epoch 4/18
 - 42s - loss: 1.6340 - accuracy: 0.5656 - val_loss: 1.5696 - val_accuracy: 0.5922
Epoch 5/18
 - 42s - loss: 1.5226 - accuracy: 0.5930 - val_loss: 1.4585 - val_accuracy: 0.6214
Epoch 6/18
 - 42s - loss: 1.4702 - accuracy: 0.6128 - val_loss: 1.4990 - val_accuracy: 0.6132
Epoch 7/18
 - 42s - loss: 1.4472 - accuracy: 0.6220 - val_loss: 1.2117 - val_accuracy: 0.7066
Epoch 8/18
 - 42s - loss: 1.4248 - accuracy: 0.6363 - val_loss: 1.3796 - val_accuracy: 0.6550
Epoch 9/18
 - 42s - loss: 1.4178 - accuracy: 0.6453 - val_loss: 1.3273 - val_accuracy: 0.6809
Epoch 10/18
 - 42s - loss: 1.4089 - accuracy: 0.6530 - val_loss: 1.4337 - val_accuracy: 0.6519
Epoch 11/18
 - 43s - loss: 1.4057 - accuracy: 0.6613 - val_loss: 1.3377 - val_accuracy: 0.6815
Epoch 12/18
 - 43s - loss: 1.3905 - accuracy: 0.6700 - val_loss: 1.2960 - val_accuracy: 0.6944
Epoch 13/18
 - 42s - loss: 1.4036 - accuracy: 0.6683 - val_loss: 1.2974 - val_accuracy: 0.7004
Epoch 14/18
 - 42s - loss: 1.3945 - accuracy: 0.6743 - val_loss: 1.1822 - val_accuracy: 0.7463
Epoch 15/18
 - 42s - loss: 1.3895 - accuracy: 0.6798 - val_loss: 1.2424 - val_accuracy: 0.7263
Epoch 16/18
 - 42s - loss: 1.3890 - accuracy: 0.6831 - val_loss: 1.3055 - val_accuracy: 0.7018
Epoch 17/18
 - 42s - loss: 1.3837 - accuracy: 0.6857 - val_loss: 1.2714 - val_accuracy: 0.7220
Epoch 18/18
 - 42s - loss: 1.3866 - accuracy: 0.6873 - val_loss: 1.3013 - val_accuracy: 0.7140
Epoch 1/30
 - 183s - loss: 34.2455 - accuracy: 0.1673 - val_loss: 6.6988 - val_accuracy: 0.2659
Epoch 2/30
 - 177s - loss: 3.8074 - accuracy: 0.2283 - val_loss: 3.0184 - val_accuracy: 0.1376
Epoch 3/30
 - 177s - loss: 2.3018 - accuracy: 0.2581 - val_loss: 2.2773 - val_accuracy: 0.2904
Epoch 4/30
 - 178s - loss: 2.1918 - accuracy: 0.2788 - val_loss: 2.5859 - val_accuracy: 0.2190
Epoch 5/30
 - 177s - loss: 2.1605 - accuracy: 0.3077 - val_loss: 1.9757 - val_accuracy: 0.3704
Epoch 6/30
 - 178s - loss: 2.1557 - accuracy: 0.3340 - val_loss: 2.2121 - val_accuracy: 0.3110
Epoch 7/30
 - 177s - loss: 2.1690 - accuracy: 0.3492 - val_loss: 2.1019 - val_accuracy: 0.3729
Epoch 8/30
 - 177s - loss: 2.2011 - accuracy: 0.3525 - val_loss: 2.0625 - val_accuracy: 0.4092
Epoch 9/30
 - 177s - loss: 2.2735 - accuracy: 0.3425 - val_loss: 2.3965 - val_accuracy: 0.3191
Epoch 10/30
 - 177s - loss: 2.2125 - accuracy: 0.3584 - val_loss: 2.0000 - val_accuracy: 0.4369
Epoch 11/30
 - 177s - loss: 2.2461 - accuracy: 0.3558 - val_loss: 2.6021 - val_accuracy: 0.2247
Epoch 12/30
 - 177s - loss: 2.2521 - accuracy: 0.3542 - val_loss: 2.0383 - val_accuracy: 0.4301
Epoch 13/30
 - 178s - loss: 2.2451 - accuracy: 0.3654 - val_loss: 2.1672 - val_accuracy: 0.3938
Epoch 14/30
 - 178s - loss: 2.3471 - accuracy: 0.3427 - val_loss: 1.9934 - val_accuracy: 0.4314
Epoch 15/30
 - 177s - loss: 2.2436 - accuracy: 0.3655 - val_loss: 2.0201 - val_accuracy: 0.4444
Epoch 16/30
 - 177s - loss: 2.2282 - accuracy: 0.3905 - val_loss: 2.1350 - val_accuracy: 0.4412
Epoch 17/30
 - 178s - loss: 2.2300 - accuracy: 0.4116 - val_loss: 2.0589 - val_accuracy: 0.4739
Epoch 18/30
 - 177s - loss: 2.2313 - accuracy: 0.4245 - val_loss: 2.3779 - val_accuracy: 0.3984
Epoch 19/30
 - 177s - loss: 2.2762 - accuracy: 0.4216 - val_loss: 2.0858 - val_accuracy: 0.4567
Epoch 20/30
 - 177s - loss: 2.2720 - accuracy: 0.4191 - val_loss: 2.4355 - val_accuracy: 0.3870
Epoch 21/30
 - 177s - loss: 1.9884 - accuracy: 0.4916 - val_loss: 1.6587 - val_accuracy: 0.5837
Epoch 22/30
 - 177s - loss: 1.9839 - accuracy: 0.4969 - val_loss: 1.7454 - val_accuracy: 0.5831
Epoch 23/30
 - 178s - loss: 1.9737 - accuracy: 0.5127 - val_loss: 1.7407 - val_accuracy: 0.5970
Epoch 24/30
 - 178s - loss: 1.9864 - accuracy: 0.5247 - val_loss: 1.6833 - val_accuracy: 0.6344
Epoch 25/30
 - 178s - loss: 2.0108 - accuracy: 0.5296 - val_loss: 1.8476 - val_accuracy: 0.5877
Epoch 26/30
 - 177s - loss: 2.0062 - accuracy: 0.5446 - val_loss: 1.8030 - val_accuracy: 0.6221
Epoch 27/30
 - 177s - loss: 2.0311 - accuracy: 0.5443 - val_loss: 1.9653 - val_accuracy: 0.5814
Epoch 28/30
 - 177s - loss: 2.0381 - accuracy: 0.5491 - val_loss: 2.2036 - val_accuracy: 0.4837
Epoch 29/30
 - 177s - loss: 2.0737 - accuracy: 0.5483 - val_loss: 2.0205 - val_accuracy: 0.5715
Epoch 30/30
 - 177s - loss: 2.0460 - accuracy: 0.5587 - val_loss: 1.8300 - val_accuracy: 0.6235
Epoch 1/30
 - 24s - loss: 2.4274 - accuracy: 0.3214 - val_loss: 2.3171 - val_accuracy: 0.3590
Epoch 2/30
 - 20s - loss: 2.0575 - accuracy: 0.4479 - val_loss: 1.8645 - val_accuracy: 0.5173
Epoch 3/30
 - 19s - loss: 1.8604 - accuracy: 0.5159 - val_loss: 1.8327 - val_accuracy: 0.5403
Epoch 4/30
 - 19s - loss: 1.7286 - accuracy: 0.5658 - val_loss: 1.6344 - val_accuracy: 0.5969
Epoch 5/30
 - 19s - loss: 1.6356 - accuracy: 0.5921 - val_loss: 1.5601 - val_accuracy: 0.6205
Epoch 6/30
 - 19s - loss: 1.5560 - accuracy: 0.6189 - val_loss: 1.4763 - val_accuracy: 0.6434
Epoch 7/30
 - 19s - loss: 1.4838 - accuracy: 0.6436 - val_loss: 1.4553 - val_accuracy: 0.6545
Epoch 8/30
 - 19s - loss: 1.4237 - accuracy: 0.6600 - val_loss: 1.4581 - val_accuracy: 0.6500
Epoch 9/30
 - 19s - loss: 1.3719 - accuracy: 0.6743 - val_loss: 1.3142 - val_accuracy: 0.6926
Epoch 10/30
 - 19s - loss: 1.3270 - accuracy: 0.6845 - val_loss: 1.2597 - val_accuracy: 0.7042
Epoch 11/30
 - 19s - loss: 1.2793 - accuracy: 0.7017 - val_loss: 1.2784 - val_accuracy: 0.7082
Epoch 12/30
 - 19s - loss: 1.2347 - accuracy: 0.7148 - val_loss: 1.1810 - val_accuracy: 0.7296
Epoch 13/30
 - 19s - loss: 1.2091 - accuracy: 0.7180 - val_loss: 1.1566 - val_accuracy: 0.7401
Epoch 14/30
 - 19s - loss: 1.1671 - accuracy: 0.7307 - val_loss: 1.1676 - val_accuracy: 0.7323
Epoch 15/30
 - 19s - loss: 1.1410 - accuracy: 0.7368 - val_loss: 1.1257 - val_accuracy: 0.7374
Epoch 16/30
 - 19s - loss: 1.1043 - accuracy: 0.7471 - val_loss: 1.0670 - val_accuracy: 0.7622
Epoch 17/30
 - 19s - loss: 1.0789 - accuracy: 0.7516 - val_loss: 0.9870 - val_accuracy: 0.7792
Epoch 18/30
 - 19s - loss: 1.0685 - accuracy: 0.7528 - val_loss: 1.0237 - val_accuracy: 0.7706
Epoch 19/30
 - 19s - loss: 1.0320 - accuracy: 0.7643 - val_loss: 1.0144 - val_accuracy: 0.7745
Epoch 20/30
 - 19s - loss: 1.0131 - accuracy: 0.7669 - val_loss: 0.9629 - val_accuracy: 0.7874
Epoch 21/30
 - 19s - loss: 0.9585 - accuracy: 0.7850 - val_loss: 0.9083 - val_accuracy: 0.8045
Epoch 22/30
 - 19s - loss: 0.9399 - accuracy: 0.7889 - val_loss: 0.8838 - val_accuracy: 0.8114
Epoch 23/30
 - 19s - loss: 0.9215 - accuracy: 0.7921 - val_loss: 0.8932 - val_accuracy: 0.8068
Epoch 24/30
 - 19s - loss: 0.9109 - accuracy: 0.7964 - val_loss: 0.9503 - val_accuracy: 0.7851
Epoch 25/30
 - 19s - loss: 0.9042 - accuracy: 0.7971 - val_loss: 0.9310 - val_accuracy: 0.7953
Epoch 26/30
 - 19s - loss: 0.8930 - accuracy: 0.8001 - val_loss: 0.9041 - val_accuracy: 0.8010
Epoch 27/30
 - 19s - loss: 0.8781 - accuracy: 0.8019 - val_loss: 0.8488 - val_accuracy: 0.8186
Epoch 28/30
 - 19s - loss: 0.8726 - accuracy: 0.8033 - val_loss: 0.8787 - val_accuracy: 0.8066
Epoch 29/30
 - 19s - loss: 0.8610 - accuracy: 0.8069 - val_loss: 0.8447 - val_accuracy: 0.8137
Epoch 30/30
 - 19s - loss: 0.8451 - accuracy: 0.8110 - val_loss: 0.8479 - val_accuracy: 0.8157
Epoch 1/16
 - 96s - loss: 3.5778 - accuracy: 0.1917 - val_loss: 3.2406 - val_accuracy: 0.2595
Epoch 2/16
 - 91s - loss: 3.2340 - accuracy: 0.2446 - val_loss: 3.1197 - val_accuracy: 0.2595
Epoch 3/16
 - 91s - loss: 2.9919 - accuracy: 0.2905 - val_loss: 2.7816 - val_accuracy: 0.3416
Epoch 4/16
 - 91s - loss: 2.7882 - accuracy: 0.3301 - val_loss: 2.5039 - val_accuracy: 0.4147
Epoch 5/16
 - 91s - loss: 2.6152 - accuracy: 0.3696 - val_loss: 2.5046 - val_accuracy: 0.4118
Epoch 6/16
 - 91s - loss: 2.4652 - accuracy: 0.4053 - val_loss: 2.2137 - val_accuracy: 0.4873
Epoch 7/16
 - 91s - loss: 2.2944 - accuracy: 0.4521 - val_loss: 2.1801 - val_accuracy: 0.4819
Epoch 8/16
 - 91s - loss: 2.1466 - accuracy: 0.4901 - val_loss: 1.8353 - val_accuracy: 0.5885
Epoch 9/16
 - 91s - loss: 2.0259 - accuracy: 0.5188 - val_loss: 1.7758 - val_accuracy: 0.6008
Epoch 10/16
 - 91s - loss: 1.9101 - accuracy: 0.5485 - val_loss: 1.6303 - val_accuracy: 0.6371
Epoch 11/16
 - 91s - loss: 1.8175 - accuracy: 0.5741 - val_loss: 1.5813 - val_accuracy: 0.6511
Epoch 12/16
 - 91s - loss: 1.7291 - accuracy: 0.5968 - val_loss: 1.4862 - val_accuracy: 0.6658
Epoch 13/16
 - 91s - loss: 1.6637 - accuracy: 0.6126 - val_loss: 1.4166 - val_accuracy: 0.6896
Epoch 14/16
 - 91s - loss: 1.5947 - accuracy: 0.6298 - val_loss: 1.3179 - val_accuracy: 0.7073
Epoch 15/16
 - 91s - loss: 1.5400 - accuracy: 0.6430 - val_loss: 1.3036 - val_accuracy: 0.7107
Epoch 16/16
 - 91s - loss: 1.4920 - accuracy: 0.6518 - val_loss: 1.2674 - val_accuracy: 0.7241
Epoch 1/4
 - 27s - loss: 3.1447 - accuracy: 0.2487 - val_loss: 2.7967 - val_accuracy: 0.3344
Epoch 2/4
 - 22s - loss: 2.7370 - accuracy: 0.3657 - val_loss: 2.6966 - val_accuracy: 0.3725
Epoch 3/4
 - 22s - loss: 2.5230 - accuracy: 0.4410 - val_loss: 2.6253 - val_accuracy: 0.4362
Epoch 4/4
 - 22s - loss: 2.3622 - accuracy: 0.4975 - val_loss: 2.3022 - val_accuracy: 0.5139
Epoch 1/22
 - 78s - loss: 54.9324 - accuracy: 0.2025 - val_loss: 9.8283 - val_accuracy: 0.2685
Epoch 2/22
 - 73s - loss: 4.4964 - accuracy: 0.3042 - val_loss: 2.3774 - val_accuracy: 0.3141
Epoch 3/22
 - 73s - loss: 2.0663 - accuracy: 0.3840 - val_loss: 2.3419 - val_accuracy: 0.3441
Epoch 4/22
 - 73s - loss: 1.9455 - accuracy: 0.4425 - val_loss: 2.0547 - val_accuracy: 0.4435
Epoch 5/22
 - 73s - loss: 1.9419 - accuracy: 0.4842 - val_loss: 1.8589 - val_accuracy: 0.5152
Epoch 6/22
 - 73s - loss: 1.9877 - accuracy: 0.5014 - val_loss: 2.6630 - val_accuracy: 0.2618
Epoch 7/22
 - 72s - loss: 2.0139 - accuracy: 0.5001 - val_loss: 2.5354 - val_accuracy: 0.3404
Epoch 8/22
 - 73s - loss: 2.0322 - accuracy: 0.4998 - val_loss: 2.3283 - val_accuracy: 0.4356
Epoch 9/22
 - 73s - loss: 2.0013 - accuracy: 0.5133 - val_loss: 3.0515 - val_accuracy: 0.3323
Epoch 10/22
 - 73s - loss: 1.9986 - accuracy: 0.5270 - val_loss: 1.9064 - val_accuracy: 0.5710
Epoch 11/22
 - 73s - loss: 1.9886 - accuracy: 0.5351 - val_loss: 2.3588 - val_accuracy: 0.4245
Epoch 12/22
 - 73s - loss: 2.0090 - accuracy: 0.5361 - val_loss: 2.1777 - val_accuracy: 0.4728
Epoch 13/22
 - 72s - loss: 2.0026 - accuracy: 0.5388 - val_loss: 2.0972 - val_accuracy: 0.5145
Epoch 14/22
 - 72s - loss: 2.0242 - accuracy: 0.5342 - val_loss: 2.0461 - val_accuracy: 0.5278
Epoch 15/22
 - 73s - loss: 2.0326 - accuracy: 0.5349 - val_loss: 2.1197 - val_accuracy: 0.4986
Epoch 16/22
 - 73s - loss: 2.0140 - accuracy: 0.5397 - val_loss: 2.0837 - val_accuracy: 0.4953
Epoch 17/22
 - 73s - loss: 2.0307 - accuracy: 0.5367 - val_loss: 2.5761 - val_accuracy: 0.4761
Epoch 18/22
 - 72s - loss: 2.0145 - accuracy: 0.5383 - val_loss: 2.0337 - val_accuracy: 0.5286
Epoch 19/22
 - 73s - loss: 2.0325 - accuracy: 0.5352 - val_loss: 1.9708 - val_accuracy: 0.5268
Epoch 20/22
 - 73s - loss: 2.0211 - accuracy: 0.5333 - val_loss: 2.8964 - val_accuracy: 0.3796
Epoch 21/22
 - 72s - loss: 1.7230 - accuracy: 0.6053 - val_loss: 1.5977 - val_accuracy: 0.6431
Epoch 22/22
 - 72s - loss: 1.6810 - accuracy: 0.6167 - val_loss: 1.8645 - val_accuracy: 0.5745
Epoch 1/2
 - 87s - loss: 7.2193 - accuracy: 0.1943 - val_loss: 2.3286 - val_accuracy: 0.2076
Epoch 2/2
 - 82s - loss: 2.2657 - accuracy: 0.2263 - val_loss: 2.2190 - val_accuracy: 0.2255
Epoch 1/8
 - 137s - loss: 5.3430 - accuracy: 0.2434 - val_loss: 5.2719 - val_accuracy: 0.2417
Epoch 2/8
 - 130s - loss: 4.6118 - accuracy: 0.3357 - val_loss: 4.2881 - val_accuracy: 0.3764
Epoch 3/8
 - 130s - loss: 4.0834 - accuracy: 0.4019 - val_loss: 3.7602 - val_accuracy: 0.4563
Epoch 4/8
 - 130s - loss: 3.6288 - accuracy: 0.4606 - val_loss: 3.3079 - val_accuracy: 0.5213
Epoch 5/8
 - 130s - loss: 3.2098 - accuracy: 0.5146 - val_loss: 3.0363 - val_accuracy: 0.5468
Epoch 6/8
 - 130s - loss: 2.8547 - accuracy: 0.5651 - val_loss: 3.0156 - val_accuracy: 0.5226
Epoch 7/8
 - 130s - loss: 2.5553 - accuracy: 0.6024 - val_loss: 2.3196 - val_accuracy: 0.6579
Epoch 8/8
 - 130s - loss: 2.3042 - accuracy: 0.6362 - val_loss: 2.1657 - val_accuracy: 0.6665
Epoch 1/4
 - 49s - loss: 3.9577 - accuracy: 0.3206 - val_loss: 3.5339 - val_accuracy: 0.4452
Epoch 2/4
 - 41s - loss: 3.4142 - accuracy: 0.4685 - val_loss: 3.2095 - val_accuracy: 0.5230
Epoch 3/4
 - 42s - loss: 3.0910 - accuracy: 0.5463 - val_loss: 2.9443 - val_accuracy: 0.5845
Epoch 4/4
 - 41s - loss: 2.8219 - accuracy: 0.6060 - val_loss: 2.6154 - val_accuracy: 0.6667
Epoch 1/10
 - 58s - loss: 6.7398 - accuracy: 0.1995 - val_loss: 6.2928 - val_accuracy: 0.2615
Epoch 2/10
 - 50s - loss: 6.1940 - accuracy: 0.2960 - val_loss: 6.2350 - val_accuracy: 0.2794
Epoch 3/10
 - 50s - loss: 5.9669 - accuracy: 0.3514 - val_loss: 6.3273 - val_accuracy: 0.2784
Epoch 4/10
 - 50s - loss: 5.8084 - accuracy: 0.3909 - val_loss: 6.2020 - val_accuracy: 0.3066
Epoch 5/10
 - 50s - loss: 5.6999 - accuracy: 0.4156 - val_loss: 6.1293 - val_accuracy: 0.3555
Epoch 6/10
 - 50s - loss: 5.5960 - accuracy: 0.4471 - val_loss: 6.0880 - val_accuracy: 0.4051
Epoch 7/10
 - 50s - loss: 5.4962 - accuracy: 0.4767 - val_loss: 5.8511 - val_accuracy: 0.4620
Epoch 8/10
 - 50s - loss: 5.4032 - accuracy: 0.5019 - val_loss: 5.8897 - val_accuracy: 0.4612
Epoch 9/10
 - 50s - loss: 5.3146 - accuracy: 0.5254 - val_loss: 6.3548 - val_accuracy: 0.4457
Epoch 10/10
 - 50s - loss: 5.2335 - accuracy: 0.5435 - val_loss: 5.9658 - val_accuracy: 0.4872
Epoch 1/28
 - 42s - loss: 5.0876 - accuracy: 0.3002 - val_loss: 4.4647 - val_accuracy: 0.3628
Epoch 2/28
 - 37s - loss: 3.9544 - accuracy: 0.4262 - val_loss: 3.4300 - val_accuracy: 0.4981
Epoch 3/28
 - 37s - loss: 3.1480 - accuracy: 0.5141 - val_loss: 2.8305 - val_accuracy: 0.5465
Epoch 4/28
 - 37s - loss: 2.5638 - accuracy: 0.5782 - val_loss: 2.2488 - val_accuracy: 0.6319
Epoch 5/28
 - 37s - loss: 2.1450 - accuracy: 0.6315 - val_loss: 1.8091 - val_accuracy: 0.7053
Epoch 6/28
 - 37s - loss: 1.8371 - accuracy: 0.6713 - val_loss: 1.5723 - val_accuracy: 0.7371
Epoch 7/28
 - 37s - loss: 1.6143 - accuracy: 0.7008 - val_loss: 1.5957 - val_accuracy: 0.6985
Epoch 8/28
 - 37s - loss: 1.4705 - accuracy: 0.7182 - val_loss: 1.2818 - val_accuracy: 0.7681
Epoch 9/28
 - 37s - loss: 1.3392 - accuracy: 0.7399 - val_loss: 1.3709 - val_accuracy: 0.7141
Epoch 10/28
 - 37s - loss: 1.2764 - accuracy: 0.7468 - val_loss: 1.3626 - val_accuracy: 0.7153
Epoch 11/28
 - 37s - loss: 1.2117 - accuracy: 0.7582 - val_loss: 1.1632 - val_accuracy: 0.7762
Epoch 12/28
 - 37s - loss: 1.1800 - accuracy: 0.7634 - val_loss: 1.1654 - val_accuracy: 0.7632
Epoch 13/28
 - 37s - loss: 1.1520 - accuracy: 0.7750 - val_loss: 1.1118 - val_accuracy: 0.7858
Epoch 14/28
 - 37s - loss: 1.1384 - accuracy: 0.7780 - val_loss: 1.0882 - val_accuracy: 0.7913
Epoch 15/28
 - 37s - loss: 1.1281 - accuracy: 0.7842 - val_loss: 1.1046 - val_accuracy: 0.7930
Epoch 16/28
 - 37s - loss: 1.1215 - accuracy: 0.7865 - val_loss: 1.0584 - val_accuracy: 0.8074
Epoch 17/28
 - 37s - loss: 1.1090 - accuracy: 0.7914 - val_loss: 1.0577 - val_accuracy: 0.8085
Epoch 18/28
 - 37s - loss: 1.1057 - accuracy: 0.7956 - val_loss: 1.1042 - val_accuracy: 0.8020
Epoch 19/28
 - 37s - loss: 1.1051 - accuracy: 0.7987 - val_loss: 1.0197 - val_accuracy: 0.8239
Epoch 20/28
 - 37s - loss: 1.1107 - accuracy: 0.7992 - val_loss: 1.1035 - val_accuracy: 0.8026
Epoch 21/28
 - 37s - loss: 0.9805 - accuracy: 0.8386 - val_loss: 0.9509 - val_accuracy: 0.8458
Epoch 22/28
 - 37s - loss: 0.9203 - accuracy: 0.8484 - val_loss: 0.8888 - val_accuracy: 0.8547
Epoch 23/28
 - 37s - loss: 0.8973 - accuracy: 0.8506 - val_loss: 0.8867 - val_accuracy: 0.8550
Epoch 24/28
 - 37s - loss: 0.8800 - accuracy: 0.8510 - val_loss: 0.9231 - val_accuracy: 0.8375
Epoch 25/28
 - 37s - loss: 0.8695 - accuracy: 0.8522 - val_loss: 0.8596 - val_accuracy: 0.8530
Epoch 26/28
 - 37s - loss: 0.8662 - accuracy: 0.8545 - val_loss: 0.8278 - val_accuracy: 0.8672
Epoch 27/28
 - 37s - loss: 0.8728 - accuracy: 0.8512 - val_loss: 0.8406 - val_accuracy: 0.8619
Epoch 28/28
 - 37s - loss: 0.8681 - accuracy: 0.8549 - val_loss: 0.8812 - val_accuracy: 0.8528
Epoch 1/28
 - 111s - loss: 13.0078 - accuracy: 0.2453 - val_loss: 6.5351 - val_accuracy: 0.2871
Epoch 2/28
 - 105s - loss: 4.1117 - accuracy: 0.3750 - val_loss: 2.6349 - val_accuracy: 0.4483
Epoch 3/28
 - 105s - loss: 2.1713 - accuracy: 0.4754 - val_loss: 1.8977 - val_accuracy: 0.4876
Epoch 4/28
 - 105s - loss: 1.7469 - accuracy: 0.5414 - val_loss: 1.5152 - val_accuracy: 0.6184
Epoch 5/28
 - 105s - loss: 1.6803 - accuracy: 0.5741 - val_loss: 1.4867 - val_accuracy: 0.6480
Epoch 6/28
 - 105s - loss: 1.6690 - accuracy: 0.5949 - val_loss: 1.6458 - val_accuracy: 0.6008
Epoch 7/28
 - 105s - loss: 1.6848 - accuracy: 0.6083 - val_loss: 1.6061 - val_accuracy: 0.6280
Epoch 8/28
 - 105s - loss: 1.7188 - accuracy: 0.6136 - val_loss: 1.6408 - val_accuracy: 0.6243
Epoch 9/28
 - 105s - loss: 1.7584 - accuracy: 0.6008 - val_loss: 1.7816 - val_accuracy: 0.6014
Epoch 10/28
 - 105s - loss: 1.7595 - accuracy: 0.6079 - val_loss: 1.8732 - val_accuracy: 0.5869
Epoch 11/28
 - 105s - loss: 1.7583 - accuracy: 0.6213 - val_loss: 1.6604 - val_accuracy: 0.6582
Epoch 12/28
 - 105s - loss: 1.7585 - accuracy: 0.6209 - val_loss: 1.7318 - val_accuracy: 0.6230
Epoch 13/28
 - 105s - loss: 1.7773 - accuracy: 0.6238 - val_loss: 1.7548 - val_accuracy: 0.6209
Epoch 14/28
 - 105s - loss: 1.7766 - accuracy: 0.6264 - val_loss: 1.9641 - val_accuracy: 0.5696
Epoch 15/28
 - 105s - loss: 1.8145 - accuracy: 0.6175 - val_loss: 1.8581 - val_accuracy: 0.6118
Epoch 16/28
 - 105s - loss: 1.7636 - accuracy: 0.6315 - val_loss: 2.0048 - val_accuracy: 0.5761
Epoch 17/28
 - 105s - loss: 1.7515 - accuracy: 0.6384 - val_loss: 1.7697 - val_accuracy: 0.6067
Epoch 18/28
 - 105s - loss: 1.7680 - accuracy: 0.6419 - val_loss: 1.6286 - val_accuracy: 0.6913
Epoch 19/28
 - 105s - loss: 1.7532 - accuracy: 0.6504 - val_loss: 1.8772 - val_accuracy: 0.6337
Epoch 20/28
 - 106s - loss: 1.7574 - accuracy: 0.6498 - val_loss: 1.6965 - val_accuracy: 0.6723
Epoch 21/28
 - 105s - loss: 1.5008 - accuracy: 0.7101 - val_loss: 1.4418 - val_accuracy: 0.7057
Epoch 22/28
 - 105s - loss: 1.4400 - accuracy: 0.7133 - val_loss: 1.2859 - val_accuracy: 0.7616
Epoch 23/28
 - 105s - loss: 1.4347 - accuracy: 0.7179 - val_loss: 1.4641 - val_accuracy: 0.7112
Epoch 24/28
 - 105s - loss: 1.4413 - accuracy: 0.7216 - val_loss: 1.4293 - val_accuracy: 0.7182
Epoch 25/28
 - 105s - loss: 1.4297 - accuracy: 0.7292 - val_loss: 1.3538 - val_accuracy: 0.7533
Epoch 26/28
 - 105s - loss: 1.4450 - accuracy: 0.7301 - val_loss: 1.4819 - val_accuracy: 0.7146
Epoch 27/28
 - 105s - loss: 1.4530 - accuracy: 0.7307 - val_loss: 1.3837 - val_accuracy: 0.7575
Epoch 28/28
 - 105s - loss: 1.4533 - accuracy: 0.7319 - val_loss: 1.3893 - val_accuracy: 0.7437
Epoch 1/20
 - 24s - loss: 8.5043 - accuracy: 0.1935 - val_loss: 6.1798 - val_accuracy: 0.2028
Epoch 2/20
 - 19s - loss: 4.7884 - accuracy: 0.2867 - val_loss: 3.7701 - val_accuracy: 0.3187
Epoch 3/20
 - 20s - loss: 3.0690 - accuracy: 0.3649 - val_loss: 2.7228 - val_accuracy: 0.3650
Epoch 4/20
 - 19s - loss: 2.2660 - accuracy: 0.4260 - val_loss: 1.9310 - val_accuracy: 0.4799
Epoch 5/20
 - 19s - loss: 1.8527 - accuracy: 0.4885 - val_loss: 1.7540 - val_accuracy: 0.5047
Epoch 6/20
 - 19s - loss: 1.6529 - accuracy: 0.5319 - val_loss: 1.8724 - val_accuracy: 0.4953
Epoch 7/20
 - 19s - loss: 1.5636 - accuracy: 0.5570 - val_loss: 1.8541 - val_accuracy: 0.4913
Epoch 8/20
 - 19s - loss: 1.5188 - accuracy: 0.5798 - val_loss: 1.4920 - val_accuracy: 0.5982
Epoch 9/20
 - 19s - loss: 1.4777 - accuracy: 0.5970 - val_loss: 1.5153 - val_accuracy: 0.5914
Epoch 10/20
 - 19s - loss: 1.4357 - accuracy: 0.6210 - val_loss: 1.6956 - val_accuracy: 0.5477
Epoch 11/20
 - 19s - loss: 1.4218 - accuracy: 0.6305 - val_loss: 1.4591 - val_accuracy: 0.6267
Epoch 12/20
 - 19s - loss: 1.4083 - accuracy: 0.6402 - val_loss: 1.5636 - val_accuracy: 0.5801
Epoch 13/20
 - 19s - loss: 1.4097 - accuracy: 0.6422 - val_loss: 1.4343 - val_accuracy: 0.6536
Epoch 14/20
 - 19s - loss: 1.3993 - accuracy: 0.6510 - val_loss: 1.3008 - val_accuracy: 0.6871
Epoch 15/20
 - 19s - loss: 1.3852 - accuracy: 0.6576 - val_loss: 1.5144 - val_accuracy: 0.6219
Epoch 16/20
 - 19s - loss: 1.3784 - accuracy: 0.6627 - val_loss: 1.5745 - val_accuracy: 0.6064
Epoch 17/20
 - 20s - loss: 1.3729 - accuracy: 0.6672 - val_loss: 1.2589 - val_accuracy: 0.7035
Epoch 18/20
 - 19s - loss: 1.3837 - accuracy: 0.6664 - val_loss: 1.3277 - val_accuracy: 0.6879
Epoch 19/20
 - 19s - loss: 1.3668 - accuracy: 0.6734 - val_loss: 1.3062 - val_accuracy: 0.6854
Epoch 20/20
 - 19s - loss: 1.3840 - accuracy: 0.6720 - val_loss: 2.2340 - val_accuracy: 0.4290
#039 (037, 0.948):: #Pareto: 4, acqs=[ucb:17, ts:19], 
Epoch 1/8
 - 49s - loss: nan - accuracy: 0.1004 - val_loss: nan - val_accuracy: 0.1000
Epoch 2/8
 - 43s - loss: nan - accuracy: 0.1000 - val_loss: nan - val_accuracy: 0.1000
Epoch 3/8
 - 44s - loss: nan - accuracy: 0.1000 - val_loss: nan - val_accuracy: 0.1000
Epoch 4/8
 - 44s - loss: nan - accuracy: 0.1000 - val_loss: nan - val_accuracy: 0.1000
Epoch 5/8
 - 44s - loss: nan - accuracy: 0.1000 - val_loss: nan - val_accuracy: 0.1000
Epoch 6/8
 - 44s - loss: nan - accuracy: 0.1000 - val_loss: nan - val_accuracy: 0.1000
Epoch 7/8
 - 43s - loss: nan - accuracy: 0.1000 - val_loss: nan - val_accuracy: 0.1000
Epoch 8/8
 - 44s - loss: nan - accuracy: 0.1000 - val_loss: nan - val_accuracy: 0.1000
Epoch 1/30
 - 27s - loss: 10.7454 - accuracy: 0.1139 - val_loss: 6.2990 - val_accuracy: 0.1063
Epoch 2/30
 - 22s - loss: 4.0457 - accuracy: 0.2099 - val_loss: 3.0085 - val_accuracy: 0.2557
Epoch 3/30
 - 22s - loss: 2.6187 - accuracy: 0.2734 - val_loss: 2.5476 - val_accuracy: 0.2675
Epoch 4/30
 - 22s - loss: 2.3018 - accuracy: 0.3189 - val_loss: 2.1592 - val_accuracy: 0.3361
Epoch 5/30
 - 22s - loss: 2.1363 - accuracy: 0.3580 - val_loss: 2.0457 - val_accuracy: 0.3791
Epoch 6/30
 - 22s - loss: 2.1156 - accuracy: 0.3736 - val_loss: 1.9865 - val_accuracy: 0.4115
Epoch 7/30
 - 22s - loss: 2.0908 - accuracy: 0.3984 - val_loss: 2.1619 - val_accuracy: 0.3891
Epoch 8/30
 - 22s - loss: 2.0851 - accuracy: 0.4088 - val_loss: 2.0677 - val_accuracy: 0.4121
Epoch 9/30
 - 22s - loss: 2.0879 - accuracy: 0.4173 - val_loss: 2.0497 - val_accuracy: 0.4269
Epoch 10/30
 - 22s - loss: 2.0881 - accuracy: 0.4313 - val_loss: 1.9517 - val_accuracy: 0.4954
Epoch 11/30
 - 23s - loss: 2.0951 - accuracy: 0.4353 - val_loss: 1.9596 - val_accuracy: 0.4755
Epoch 12/30
 - 23s - loss: 2.1042 - accuracy: 0.4437 - val_loss: 2.0910 - val_accuracy: 0.4314
Epoch 13/30
 - 22s - loss: 2.0934 - accuracy: 0.4506 - val_loss: 2.0877 - val_accuracy: 0.4588
Epoch 14/30
 - 22s - loss: 2.1028 - accuracy: 0.4551 - val_loss: 2.0184 - val_accuracy: 0.4816
Epoch 15/30
 - 22s - loss: 2.1245 - accuracy: 0.4522 - val_loss: 2.0590 - val_accuracy: 0.4847
Epoch 16/30
 - 22s - loss: 2.1222 - accuracy: 0.4535 - val_loss: 2.3462 - val_accuracy: 0.3722
Epoch 17/30
 - 22s - loss: 2.1125 - accuracy: 0.4553 - val_loss: 1.9504 - val_accuracy: 0.4951
Epoch 18/30
 - 22s - loss: 2.1106 - accuracy: 0.4613 - val_loss: 2.7302 - val_accuracy: 0.3507
Epoch 19/30
 - 22s - loss: 2.1120 - accuracy: 0.4633 - val_loss: 2.0764 - val_accuracy: 0.4746
Epoch 20/30
 - 23s - loss: 2.1229 - accuracy: 0.4613 - val_loss: 2.2068 - val_accuracy: 0.4406
Epoch 21/30
 - 22s - loss: 1.9091 - accuracy: 0.5136 - val_loss: 1.7753 - val_accuracy: 0.5534
Epoch 22/30
 - 22s - loss: 1.8326 - accuracy: 0.5175 - val_loss: 1.9405 - val_accuracy: 0.4948
Epoch 23/30
 - 22s - loss: 1.8217 - accuracy: 0.5202 - val_loss: 1.7266 - val_accuracy: 0.5540
Epoch 24/30
 - 22s - loss: 1.8231 - accuracy: 0.5234 - val_loss: 1.7896 - val_accuracy: 0.5414
Epoch 25/30
 - 23s - loss: 1.8279 - accuracy: 0.5217 - val_loss: 1.6829 - val_accuracy: 0.5701
Epoch 26/30
 - 22s - loss: 1.8357 - accuracy: 0.5196 - val_loss: 1.7244 - val_accuracy: 0.5623
Epoch 27/30
 - 22s - loss: 1.8246 - accuracy: 0.5262 - val_loss: 2.1132 - val_accuracy: 0.4470
Epoch 28/30
 - 22s - loss: 1.8300 - accuracy: 0.5303 - val_loss: 1.7399 - val_accuracy: 0.5652
Epoch 29/30
 - 22s - loss: 1.8280 - accuracy: 0.5333 - val_loss: 1.8107 - val_accuracy: 0.5504
Epoch 30/30
 - 22s - loss: 1.8347 - accuracy: 0.5340 - val_loss: 2.1112 - val_accuracy: 0.4813
Epoch 1/26
 - 75s - loss: 6.0967 - accuracy: 0.2579 - val_loss: 6.0234 - val_accuracy: 0.2839
Epoch 2/26
 - 69s - loss: 5.5941 - accuracy: 0.3802 - val_loss: 5.7869 - val_accuracy: 0.3060
Epoch 3/26
 - 69s - loss: 5.3553 - accuracy: 0.4456 - val_loss: 5.7194 - val_accuracy: 0.3697
Epoch 4/26
 - 69s - loss: 5.1678 - accuracy: 0.5015 - val_loss: 5.1852 - val_accuracy: 0.5103
Epoch 5/26
 - 69s - loss: 5.0079 - accuracy: 0.5404 - val_loss: 5.0179 - val_accuracy: 0.5526
Epoch 6/26
 - 69s - loss: 4.8595 - accuracy: 0.5776 - val_loss: 4.8801 - val_accuracy: 0.5821
Epoch 7/26
 - 69s - loss: 4.7332 - accuracy: 0.6082 - val_loss: 4.7515 - val_accuracy: 0.6053
Epoch 8/26
 - 69s - loss: 4.6149 - accuracy: 0.6325 - val_loss: 4.6941 - val_accuracy: 0.6213
Epoch 9/26
 - 69s - loss: 4.5036 - accuracy: 0.6541 - val_loss: 4.7035 - val_accuracy: 0.6017
Epoch 10/26
 - 69s - loss: 4.4011 - accuracy: 0.6781 - val_loss: 4.4101 - val_accuracy: 0.6752
Epoch 11/26
 - 69s - loss: 4.3030 - accuracy: 0.6947 - val_loss: 4.2835 - val_accuracy: 0.7018
Epoch 12/26
 - 69s - loss: 4.2067 - accuracy: 0.7102 - val_loss: 4.3095 - val_accuracy: 0.6814
Epoch 13/26
 - 69s - loss: 4.1228 - accuracy: 0.7233 - val_loss: 4.1818 - val_accuracy: 0.7185
Epoch 14/26
 - 69s - loss: 4.0372 - accuracy: 0.7382 - val_loss: 4.0498 - val_accuracy: 0.7403
Epoch 15/26
 - 69s - loss: 3.9623 - accuracy: 0.7494 - val_loss: 3.9296 - val_accuracy: 0.7639
Epoch 16/26
 - 69s - loss: 3.8886 - accuracy: 0.7594 - val_loss: 3.8749 - val_accuracy: 0.7718
Epoch 17/26
 - 69s - loss: 3.8151 - accuracy: 0.7704 - val_loss: 3.7805 - val_accuracy: 0.7835
Epoch 18/26
 - 69s - loss: 3.7533 - accuracy: 0.7775 - val_loss: 3.7429 - val_accuracy: 0.7878
Epoch 19/26
 - 69s - loss: 3.6875 - accuracy: 0.7858 - val_loss: 3.6933 - val_accuracy: 0.7880
Epoch 20/26
 - 69s - loss: 3.6204 - accuracy: 0.7931 - val_loss: 3.6096 - val_accuracy: 0.8051
Epoch 21/26
 - 69s - loss: 3.5385 - accuracy: 0.8096 - val_loss: 3.5711 - val_accuracy: 0.8099
Epoch 22/26
 - 69s - loss: 3.4910 - accuracy: 0.8201 - val_loss: 3.5159 - val_accuracy: 0.8194
Epoch 23/26
 - 69s - loss: 3.4598 - accuracy: 0.8225 - val_loss: 3.4824 - val_accuracy: 0.8275
Epoch 24/26
 - 69s - loss: 3.4343 - accuracy: 0.8229 - val_loss: 3.4834 - val_accuracy: 0.8225
Epoch 25/26
 - 69s - loss: 3.4005 - accuracy: 0.8259 - val_loss: 3.4101 - val_accuracy: 0.8367
Epoch 26/26
 - 69s - loss: 3.3725 - accuracy: 0.8303 - val_loss: 3.4277 - val_accuracy: 0.8282
Epoch 1/22
 - 48s - loss: 4.5287 - accuracy: 0.2214 - val_loss: 4.0077 - val_accuracy: 0.2898
Epoch 2/22
 - 43s - loss: 3.6244 - accuracy: 0.3070 - val_loss: 3.3094 - val_accuracy: 0.3515
Epoch 3/22
 - 43s - loss: 3.0192 - accuracy: 0.3706 - val_loss: 2.6860 - val_accuracy: 0.4280
Epoch 4/22
 - 43s - loss: 2.5487 - accuracy: 0.4412 - val_loss: 2.2201 - val_accuracy: 0.5098
Epoch 5/22
 - 43s - loss: 2.1615 - accuracy: 0.5137 - val_loss: 1.8576 - val_accuracy: 0.5913
Epoch 6/22
 - 43s - loss: 1.8838 - accuracy: 0.5655 - val_loss: 1.8000 - val_accuracy: 0.5659
Epoch 7/22
 - 43s - loss: 1.6865 - accuracy: 0.6001 - val_loss: 1.5081 - val_accuracy: 0.6398
Epoch 8/22
 - 43s - loss: 1.5449 - accuracy: 0.6316 - val_loss: 1.4269 - val_accuracy: 0.6550
Epoch 9/22
 - 43s - loss: 1.4496 - accuracy: 0.6520 - val_loss: 1.2730 - val_accuracy: 0.7117
Epoch 10/22
 - 43s - loss: 1.3858 - accuracy: 0.6650 - val_loss: 1.2992 - val_accuracy: 0.6959
Epoch 11/22
 - 43s - loss: 1.3372 - accuracy: 0.6765 - val_loss: 1.2077 - val_accuracy: 0.7120
Epoch 12/22
 - 43s - loss: 1.2981 - accuracy: 0.6907 - val_loss: 1.2497 - val_accuracy: 0.7062
Epoch 13/22
 - 43s - loss: 1.2669 - accuracy: 0.6977 - val_loss: 1.1523 - val_accuracy: 0.7298
Epoch 14/22
 - 43s - loss: 1.2480 - accuracy: 0.7042 - val_loss: 1.1572 - val_accuracy: 0.7262
Epoch 15/22
 - 43s - loss: 1.2398 - accuracy: 0.7097 - val_loss: 1.1104 - val_accuracy: 0.7489
Epoch 16/22
 - 43s - loss: 1.2326 - accuracy: 0.7139 - val_loss: 1.0887 - val_accuracy: 0.7588
Epoch 17/22
 - 43s - loss: 1.2247 - accuracy: 0.7218 - val_loss: 1.0574 - val_accuracy: 0.7690
Epoch 18/22
 - 43s - loss: 1.2191 - accuracy: 0.7262 - val_loss: 1.0630 - val_accuracy: 0.7796
Epoch 19/22
 - 43s - loss: 1.2174 - accuracy: 0.7266 - val_loss: 1.2826 - val_accuracy: 0.6898
Epoch 20/22
 - 43s - loss: 1.2046 - accuracy: 0.7324 - val_loss: 1.0796 - val_accuracy: 0.7719
Epoch 21/22
 - 43s - loss: 1.0821 - accuracy: 0.7702 - val_loss: 0.9277 - val_accuracy: 0.8090
Epoch 22/22
 - 43s - loss: 1.0317 - accuracy: 0.7787 - val_loss: 0.8667 - val_accuracy: 0.8208
#042 (041, 1.039):: #Pareto: 5, acqs=[ucb:19, ts:21], 
