Multi-objective Optimisation with mobo(ucb-ts) using capital 43200.0 (realtime)
Epoch 1/2
 - 1384s - loss: 0.1678 - accuracy: 0.9449 - val_loss: 0.1655 - val_accuracy: 0.9468
Epoch 2/2
 - 347s - loss: 0.1543 - accuracy: 0.9486 - val_loss: 0.1431 - val_accuracy: 0.9492
Capital spent on initialisation: 1759.2375(0.0407).
Legend: <iteration_number> (<num_successful_queries>, <fraction_of_capital_spent>):: #Pareto=<num_pareto_optimal_points_found>, acqs=<num_times_each_acquisition_was_used>
Epoch 1/3
 - 901s - loss: 0.1774 - accuracy: 0.9424 - val_loss: 0.1521 - val_accuracy: 0.9438
Epoch 2/3
 - 845s - loss: 0.1658 - accuracy: 0.9460 - val_loss: 0.1660 - val_accuracy: 0.9471
Epoch 3/3
 - 860s - loss: 0.1619 - accuracy: 0.9471 - val_loss: 0.1716 - val_accuracy: 0.9476
Epoch 1/8
 - 553s - loss: 0.1734 - accuracy: 0.9437 - val_loss: 0.1590 - val_accuracy: 0.9474
Epoch 2/8
 - 508s - loss: 0.1606 - accuracy: 0.9475 - val_loss: 0.1483 - val_accuracy: 0.9461
Epoch 3/8
 - 512s - loss: 0.1536 - accuracy: 0.9486 - val_loss: 0.1467 - val_accuracy: 0.9463
Epoch 4/8
 - 510s - loss: 0.1459 - accuracy: 0.9498 - val_loss: 0.1342 - val_accuracy: 0.9522
Epoch 5/8
 - 508s - loss: 0.1373 - accuracy: 0.9520 - val_loss: 0.1558 - val_accuracy: 0.9443
Epoch 6/8
 - 516s - loss: 0.1333 - accuracy: 0.9538 - val_loss: 0.0924 - val_accuracy: 0.9558
Epoch 7/8
 - 514s - loss: 0.1281 - accuracy: 0.9552 - val_loss: 0.1090 - val_accuracy: 0.9573
Epoch 8/8
 - 501s - loss: 0.1242 - accuracy: 0.9567 - val_loss: 0.1176 - val_accuracy: 0.9569
Epoch 1/5
 - 347s - loss: 0.1674 - accuracy: 0.9458 - val_loss: 0.1685 - val_accuracy: 0.9489
Epoch 2/5
 - 323s - loss: 0.1543 - accuracy: 0.9486 - val_loss: 0.1426 - val_accuracy: 0.9497
Epoch 3/5
 - 320s - loss: 0.1455 - accuracy: 0.9507 - val_loss: 0.1717 - val_accuracy: 0.9487
Epoch 4/5
 - 331s - loss: 0.1362 - accuracy: 0.9534 - val_loss: 0.1185 - val_accuracy: 0.9528
Epoch 5/5
 - 331s - loss: 0.1281 - accuracy: 0.9560 - val_loss: 0.1281 - val_accuracy: 0.9574
Epoch 1/3
 - 2342s - loss: 0.1792 - accuracy: 0.9410 - val_loss: 0.1841 - val_accuracy: 0.9417
Epoch 2/3
 - 2317s - loss: 0.1753 - accuracy: 0.9416 - val_loss: 0.1569 - val_accuracy: 0.9417
Epoch 3/3
 - 2327s - loss: 0.1750 - accuracy: 0.9416 - val_loss: 0.1654 - val_accuracy: 0.9417
Epoch 1/5
 - 374s - loss: 0.3766 - accuracy: 0.8405 - val_loss: 0.1657 - val_accuracy: 0.9426
Epoch 2/5
 - 354s - loss: 0.2332 - accuracy: 0.9264 - val_loss: 0.1604 - val_accuracy: 0.9464
Epoch 3/5
 - 353s - loss: 0.2057 - accuracy: 0.9382 - val_loss: 0.1585 - val_accuracy: 0.9466
Epoch 4/5
 - 341s - loss: 0.1912 - accuracy: 0.9428 - val_loss: 0.1702 - val_accuracy: 0.9486
Epoch 5/5
 - 341s - loss: 0.1828 - accuracy: 0.9448 - val_loss: 0.1586 - val_accuracy: 0.9490
Epoch 1/7
 - 381s - loss: 0.1844 - accuracy: 0.9396 - val_loss: 0.1617 - val_accuracy: 0.9425
Epoch 2/7
 - 353s - loss: 0.1703 - accuracy: 0.9427 - val_loss: 0.1692 - val_accuracy: 0.9444
Epoch 3/7
 - 347s - loss: 0.1672 - accuracy: 0.9446 - val_loss: 0.1847 - val_accuracy: 0.9473
Epoch 4/7
 - 352s - loss: 0.1630 - accuracy: 0.9468 - val_loss: 0.1421 - val_accuracy: 0.9466
Epoch 5/7
 - 344s - loss: 0.1605 - accuracy: 0.9477 - val_loss: 0.1520 - val_accuracy: 0.9475
Epoch 6/7
 - 353s - loss: 0.1594 - accuracy: 0.9475 - val_loss: 0.1985 - val_accuracy: 0.9414
Epoch 7/7
 - 340s - loss: 0.1751 - accuracy: 0.9415 - val_loss: 0.1888 - val_accuracy: 0.9420
Epoch 1/5
 - 601s - loss: 0.2040 - accuracy: 0.9345 - val_loss: 0.1600 - val_accuracy: 0.9463
Epoch 2/5
 - 565s - loss: 0.1765 - accuracy: 0.9439 - val_loss: 0.1596 - val_accuracy: 0.9465
Epoch 3/5
 - 581s - loss: 0.1696 - accuracy: 0.9456 - val_loss: 0.1652 - val_accuracy: 0.9480
Epoch 4/5
 - 572s - loss: 0.1659 - accuracy: 0.9465 - val_loss: 0.1774 - val_accuracy: 0.9489
Epoch 5/5
 - 560s - loss: 0.1622 - accuracy: 0.9474 - val_loss: 0.1629 - val_accuracy: 0.9500
Epoch 1/7
 - 1243s - loss: 0.1761 - accuracy: 0.9423 - val_loss: 0.1520 - val_accuracy: 0.9462
Epoch 2/7
 - 1180s - loss: 0.1668 - accuracy: 0.9453 - val_loss: 0.2042 - val_accuracy: 0.9468
Epoch 3/7
 - 1183s - loss: 0.1621 - accuracy: 0.9466 - val_loss: 0.1439 - val_accuracy: 0.9487
Epoch 4/7
 - 1201s - loss: 0.1546 - accuracy: 0.9480 - val_loss: 0.1678 - val_accuracy: 0.9484
Epoch 5/7
 - 1203s - loss: 0.1468 - accuracy: 0.9495 - val_loss: 0.1543 - val_accuracy: 0.9529
Epoch 6/7
 - 1191s - loss: 0.1389 - accuracy: 0.9518 - val_loss: 0.1323 - val_accuracy: 0.9535
Epoch 7/7
 - 1145s - loss: 0.1321 - accuracy: 0.9540 - val_loss: 0.1035 - val_accuracy: 0.9573
Epoch 1/3
 - 380s - loss: 0.2073 - accuracy: 0.9333 - val_loss: 0.1603 - val_accuracy: 0.9465
Epoch 2/3
 - 351s - loss: 0.1723 - accuracy: 0.9457 - val_loss: 0.1507 - val_accuracy: 0.9484
Epoch 3/3
 - 334s - loss: 0.1653 - accuracy: 0.9469 - val_loss: 0.1511 - val_accuracy: 0.9486
Epoch 1/7
 - 367s - loss: 0.3808 - accuracy: 0.8331 - val_loss: 0.1951 - val_accuracy: 0.9405
Epoch 2/7
 - 338s - loss: 0.2767 - accuracy: 0.8997 - val_loss: 0.2085 - val_accuracy: 0.9436
Epoch 3/7
 - 333s - loss: 0.2409 - accuracy: 0.9191 - val_loss: 0.1760 - val_accuracy: 0.9458
Epoch 4/7
 - 336s - loss: 0.2214 - accuracy: 0.9291 - val_loss: 0.1685 - val_accuracy: 0.9464
Epoch 5/7
 - 337s - loss: 0.2080 - accuracy: 0.9351 - val_loss: 0.1698 - val_accuracy: 0.9468
Epoch 6/7
 - 328s - loss: 0.1991 - accuracy: 0.9385 - val_loss: 0.1700 - val_accuracy: 0.9473
Epoch 7/7
 - 333s - loss: 0.1923 - accuracy: 0.9408 - val_loss: 0.1373 - val_accuracy: 0.9478
#013 (011, 0.842):: #Pareto: 2, acqs=[ucb:5, ts:5], 
Epoch 1/6
 - 384s - loss: 0.2200 - accuracy: 0.9295 - val_loss: 0.1604 - val_accuracy: 0.9478
Epoch 2/6
 - 364s - loss: 0.1742 - accuracy: 0.9460 - val_loss: 0.1482 - val_accuracy: 0.9492
Epoch 3/6
 - 348s - loss: 0.1668 - accuracy: 0.9475 - val_loss: 0.1413 - val_accuracy: 0.9494
Epoch 4/6
 - 365s - loss: 0.1612 - accuracy: 0.9483 - val_loss: 0.1268 - val_accuracy: 0.9495
Epoch 5/6
 - 355s - loss: 0.1561 - accuracy: 0.9489 - val_loss: 0.1370 - val_accuracy: 0.9521
Epoch 6/6
 - 363s - loss: 0.1512 - accuracy: 0.9497 - val_loss: 0.1711 - val_accuracy: 0.9516
Epoch 1/7
 - 394s - loss: 0.2886 - accuracy: 0.8959 - val_loss: 0.1973 - val_accuracy: 0.9440
Epoch 2/7
 - 364s - loss: 0.2003 - accuracy: 0.9394 - val_loss: 0.1725 - val_accuracy: 0.9455
Epoch 3/7
 - 359s - loss: 0.1840 - accuracy: 0.9440 - val_loss: 0.1467 - val_accuracy: 0.9477
Epoch 4/7
 - 357s - loss: 0.1761 - accuracy: 0.9458 - val_loss: 0.1586 - val_accuracy: 0.9483
Epoch 5/7
 - 362s - loss: 0.1710 - accuracy: 0.9468 - val_loss: 0.1846 - val_accuracy: 0.9473
Epoch 6/7
 - 362s - loss: 0.1669 - accuracy: 0.9475 - val_loss: 0.1546 - val_accuracy: 0.9487
Epoch 7/7
 - 364s - loss: 0.1635 - accuracy: 0.9481 - val_loss: 0.1388 - val_accuracy: 0.9486
Epoch 1/6
 - 426s - loss: 0.1876 - accuracy: 0.9407 - val_loss: 0.1713 - val_accuracy: 0.9478
Epoch 2/6
 - 378s - loss: 0.1629 - accuracy: 0.9475 - val_loss: 0.1759 - val_accuracy: 0.9482
Epoch 3/6
 - 377s - loss: 0.1547 - accuracy: 0.9489 - val_loss: 0.1447 - val_accuracy: 0.9489
Epoch 4/6
 - 378s - loss: 0.1472 - accuracy: 0.9503 - val_loss: 0.1366 - val_accuracy: 0.9529
Epoch 5/6
 - 401s - loss: 0.1408 - accuracy: 0.9518 - val_loss: 0.1361 - val_accuracy: 0.9499
Epoch 6/6
 - 379s - loss: 0.1356 - accuracy: 0.9533 - val_loss: 0.1426 - val_accuracy: 0.9547
Epoch 1/6
 - 490s - loss: 0.2246 - accuracy: 0.9231 - val_loss: 0.1759 - val_accuracy: 0.9428
Epoch 2/6
 - 430s - loss: 0.1846 - accuracy: 0.9409 - val_loss: 0.1749 - val_accuracy: 0.9452
Epoch 3/6
 - 429s - loss: 0.1786 - accuracy: 0.9428 - val_loss: 0.1756 - val_accuracy: 0.9461
Epoch 4/6
 - 430s - loss: 0.1744 - accuracy: 0.9441 - val_loss: 0.1787 - val_accuracy: 0.9470
Epoch 5/6
 - 432s - loss: 0.1712 - accuracy: 0.9449 - val_loss: 0.1474 - val_accuracy: 0.9475
Epoch 6/6
 - 431s - loss: 0.1693 - accuracy: 0.9452 - val_loss: 0.1431 - val_accuracy: 0.9476
#016 (015, 1.070):: #Pareto: 2, acqs=[ucb:5, ts:9], 
